<?xml version="1.0" encoding="UTF-8"?>
<!-- Generated by org.testng.reporters.JUnitXMLReporter -->
<testsuite ignored="0" hostname="Nikhesh" failures="1" tests="2" name="Test" time="85.412" errors="0" timestamp="2023-03-08T14:35:05 IST">
  <testcase classname="com.generalstore.android.test.SmokeTestCase" name="fillForm_ErrorValidation" time="53.963">
    <failure type="java.lang.AssertionError" message="expected:&amp;lt;Please enter your name&amp;gt; but was:&amp;lt;Please your name&amp;gt;">
      <![CDATA[java.lang.AssertionError: expected:<Please enter your name> but was:<Please your name>
at com.generalstore.android.test.SmokeTestCase.fillForm_ErrorValidation(SmokeTestCase.java:30)
at java.base/java.util.ArrayList.forEach(ArrayList.java:1541)
... Removed 29 stack frames]]>
    </failure>
  </testcase> <!-- fillForm_ErrorValidation -->
  <testcase classname="com.generalstore.android.test.SmokeTestCase" name="fillForm_PositiveFlow" time="4.579"/>
</testsuite> <!-- Test -->
