<?xml version="1.0" encoding="UTF-8"?>
<testsuite xmlns:xsi="http://www.w3.org/2001/XMLSchema-instance" xsi:noNamespaceSchemaLocation="https://maven.apache.org/surefire/maven-surefire-plugin/xsd/surefire-test-report-3.0.xsd" version="3.0" name="TestSuite" time="100.893" tests="2" errors="0" skipped="0" failures="1">
  <properties>
[...]
</properties>
  <testcase name="fillForm_ErrorValidation" classname="com.generalstore.android.test.SmokeTestCase" time="60.896">
    <failure message="expected:&lt;Please enter your name&gt; but was:&lt;Please your name&gt;" type="java.lang.AssertionError"><![CDATA[java.lang.AssertionError: expected:<Please enter your name> but was:<Please your name>
	at org.testng.AssertJUnit.assertEquals(AssertJUnit.java:115)
	at org.testng.AssertJUnit.assertEquals(AssertJUnit.java:125)
	at com.generalstore.android.test.SmokeTestCase.fillForm_ErrorValidation(SmokeTestCase.java:30)
	at java.base/jdk.internal.reflect.NativeMethodAccessorImpl.invoke0(Native Method)
	at java.base/jdk.internal.reflect.NativeMethodAccessorImpl.invoke(NativeMethodAccessorImpl.java:62)
	at java.base/jdk.internal.reflect.DelegatingMethodAccessorImpl.invoke(DelegatingMethodAccessorImpl.java:43)
	at java.base/java.lang.reflect.Method.invoke(Method.java:566)
	at org.testng.internal.invokers.MethodInvocationHelper.invokeMethod(MethodInvocationHelper.java:139)
	at org.testng.internal.invokers.TestInvoker.invokeMethod(TestInvoker.java:677)
	at org.testng.internal.invokers.TestInvoker.invokeTestMethod(TestInvoker.java:221)
	at org.testng.internal.invokers.MethodRunner.runInSequence(MethodRunner.java:50)
	at org.testng.internal.invokers.TestInvoker$MethodInvocationAgent.invoke(TestInvoker.java:969)
	at org.testng.internal.invokers.TestInvoker.invokeTestMethods(TestInvoker.java:194)
	at org.testng.internal.invokers.TestMethodWorker.invokeTestMethods(TestMethodWorker.java:148)
	at org.testng.internal.invokers.TestMethodWorker.run(TestMethodWorker.java:128)
	at java.base/java.util.ArrayList.forEach(ArrayList.java:1541)
	at org.testng.TestRunner.privateRun(TestRunner.java:829)
	at org.testng.TestRunner.run(TestRunner.java:602)
	at org.testng.SuiteRunner.runTest(SuiteRunner.java:437)
	at org.testng.SuiteRunner.runSequentially(SuiteRunner.java:431)
	at org.testng.SuiteRunner.privateRun(SuiteRunner.java:391)
	at org.testng.SuiteRunner.run(SuiteRunner.java:330)
	at org.testng.SuiteRunnerWorker.runSuite(SuiteRunnerWorker.java:52)
	at org.testng.SuiteRunnerWorker.run(SuiteRunnerWorker.java:95)
	at org.testng.TestNG.runSuitesSequentially(TestNG.java:1256)
	at org.testng.TestNG.runSuitesLocally(TestNG.java:1176)
	at org.testng.TestNG.runSuites(TestNG.java:1099)
	at org.testng.TestNG.run(TestNG.java:1067)
	at org.apache.maven.surefire.testng.TestNGExecutor.run(TestNGExecutor.java:324)
	at org.apache.maven.surefire.testng.TestNGXmlTestSuite.execute(TestNGXmlTestSuite.java:74)
	at org.apache.maven.surefire.testng.TestNGProvider.invoke(TestNGProvider.java:123)
	at org.apache.maven.surefire.booter.ForkedBooter.runSuitesInProcess(ForkedBooter.java:456)
	at org.apache.maven.surefire.booter.ForkedBooter.execute(ForkedBooter.java:169)
	at org.apache.maven.surefire.booter.ForkedBooter.run(ForkedBooter.java:595)
	at org.apache.maven.surefire.booter.ForkedBooter.main(ForkedBooter.java:581)
]]></failure>
    <system-out><![CDATA[&amp#27;[35m[Appium]&amp#27;[39m Welcome to Appium v2.0.0-beta.56
&amp#27;[35m[Appium]&amp#27;[39m Non-default server args:
&amp#27;[35m[Appium]&amp#27;[39m { address: &amp#27;[32m'127.0.0.1'&amp#27;[39m }
&amp#27;[35m[Appium]&amp#27;[39m Attempting to load driver uiautomator2...
[debug] &amp#27;[35m[Appium]&amp#27;[39m Requiring driver at C:\Users\User\.appium\node_modules\appium-uiautomator2-driver
&amp#27;[35m[Appium]&amp#27;[39m Attempting to load driver xcuitest...
[debug] &amp#27;[35m[Appium]&amp#27;[39m Requiring driver at C:\Users\User\.appium\node_modules\appium-xcuitest-driver
&amp#27;[35m[Appium]&amp#27;[39m Appium REST http interface listener started on 127.0.0.1:4723
&amp#27;[35m[Appium]&amp#27;[39m Available drivers:
&amp#27;[35m[Appium]&amp#27;[39m   - uiautomator2@2.12.6 (automationName 'UiAutomator2')
&amp#27;[35m[Appium]&amp#27;[39m   - xcuitest@4.19.0 (automationName 'XCUITest')
&amp#27;[35m[Appium]&amp#27;[39m No plugins have been installed. Use the "appium plugin" command to install the one(s) you want to use.
&amp#27;[38;5;0m[HTTP]&amp#27;[0m &amp#27;[37m-->&amp#27;[39m &amp#27;[37mGET&amp#27;[39m &amp#27;[37m/status&amp#27;[39m
&amp#27;[38;5;0m[HTTP]&amp#27;[0m &amp#27;[90m{}&amp#27;[39m
[debug] &amp#27;[38;5;16m[AppiumDriver@3896]&amp#27;[0m Calling AppiumDriver.getStatus() with args: []
[debug] &amp#27;[38;5;16m[AppiumDriver@3896]&amp#27;[0m Responding to client with driver.getStatus() result: {"build":{"version":"2.0.0-beta.56"}}
&amp#27;[38;5;0m[HTTP]&amp#27;[0m &amp#27;[37m<-- GET /status &amp#27;[39m&amp#27;[32m200&amp#27;[39m &amp#27;[90m15 ms - 47&amp#27;[39m
&amp#27;[38;5;0m[HTTP]&amp#27;[0m &amp#27;[90m&amp#27;[39m
[debug] &amp#27;[38;5;0m[HTTP]&amp#27;[0m Request idempotency key: 8fbec044-8ec2-4525-974b-9cd3740e57b5
&amp#27;[38;5;0m[HTTP]&amp#27;[0m &amp#27;[37m-->&amp#27;[39m &amp#27;[37mPOST&amp#27;[39m &amp#27;[37m/session&amp#27;[39m
&amp#27;[38;5;0m[HTTP]&amp#27;[0m &amp#27;[90m{"capabilities":{"firstMatch":[{}],"alwaysMatch":{"appium:automationName":"UIAutomator2","appium:deviceName":"52036015fe09146b","platformName":"android"}}}&amp#27;[39m
[debug] &amp#27;[38;5;16m[AppiumDriver@3896]&amp#27;[0m Calling AppiumDriver.createSession() with args: [null,null,{"firstMatch":[{}],"alwaysMatch":{"appium:automationName":"UIAutomator2","appium:deviceName":"52036015fe09146b","platformName":"android"}}]
[debug] &amp#27;[38;5;16m[AppiumDriver@3896]&amp#27;[0m Event 'newSessionRequested' logged at 1678725562149 (22:09:22 GMT+0530 (India Standard Time))
&amp#27;[35m[Appium]&amp#27;[39m Attempting to find matching driver for automationName 'UIAutomator2' and platformName 'android'
&amp#27;[35m[Appium]&amp#27;[39m The 'uiautomator2' driver was installed and matched caps.
&amp#27;[35m[Appium]&amp#27;[39m Will require it at C:\Users\User\.appium\node_modules\appium-uiautomator2-driver
[debug] &amp#27;[35m[Appium]&amp#27;[39m Requiring driver at C:\Users\User\.appium\node_modules\appium-uiautomator2-driver
&amp#27;[38;5;16m[AppiumDriver@3896]&amp#27;[0m Appium v2.0.0-beta.56 creating new AndroidUiautomator2Driver (v2.12.6) session
&amp#27;[38;5;16m[AppiumDriver@3896]&amp#27;[0m Checking BaseDriver versions for Appium and AndroidUiautomator2Driver
&amp#27;[38;5;16m[AppiumDriver@3896]&amp#27;[0m Appium's BaseDriver version is 9.3.2
&amp#27;[38;5;16m[AppiumDriver@3896]&amp#27;[0m AndroidUiautomator2Driver's BaseDriver version is 9.3.2
[debug] &amp#27;[38;5;32m[AndroidUiautomator2Driver@a7d5]&amp#27;[0m Creating session with W3C capabilities: {
[debug] &amp#27;[38;5;32m[AndroidUiautomator2Driver@a7d5]&amp#27;[0m   "alwaysMatch": {
[debug] &amp#27;[38;5;32m[AndroidUiautomator2Driver@a7d5]&amp#27;[0m     "platformName": "android",
[debug] &amp#27;[38;5;32m[AndroidUiautomator2Driver@a7d5]&amp#27;[0m     "appium:automationName": "UIAutomator2",
[debug] &amp#27;[38;5;32m[AndroidUiautomator2Driver@a7d5]&amp#27;[0m     "appium:deviceName": "52036015fe09146b"
[debug] &amp#27;[38;5;32m[AndroidUiautomator2Driver@a7d5]&amp#27;[0m   },
[debug] &amp#27;[38;5;32m[AndroidUiautomator2Driver@a7d5]&amp#27;[0m   "firstMatch": [
[debug] &amp#27;[38;5;32m[AndroidUiautomator2Driver@a7d5]&amp#27;[0m     {}
[debug] &amp#27;[38;5;32m[AndroidUiautomator2Driver@a7d5]&amp#27;[0m   ]
[debug] &amp#27;[38;5;32m[AndroidUiautomator2Driver@a7d5]&amp#27;[0m }
&amp#27;[38;5;32m[AndroidUiautomator2Driver@a7d5 (d2c9b10b)]&amp#27;[0m Session created with session id: d2c9b10b-c037-4b64-8bdf-6ffcf3513fc6
&amp#27;[38;5;32m[AndroidUiautomator2Driver@a7d5 (d2c9b10b)]&amp#27;[0m Neither 'app' nor 'appPackage' was set. Starting UiAutomator2 without the target application
&amp#27;[38;5;48m[ADB]&amp#27;[0m Found 2 'build-tools' folders under 'C:\Users\User\AppData\Local\Android\Sdk' (newest first):
&amp#27;[38;5;48m[ADB]&amp#27;[0m     C:/Users/User/AppData/Local/Android/Sdk/build-tools/33.0.0
&amp#27;[38;5;48m[ADB]&amp#27;[0m     C:/Users/User/AppData/Local/Android/Sdk/build-tools/30.0.3
&amp#27;[38;5;48m[ADB]&amp#27;[0m Using 'adb.exe' from 'C:\Users\User\AppData\Local\Android\Sdk\platform-tools\adb.exe'
[debug] &amp#27;[38;5;48m[ADB]&amp#27;[0m Running 'C:\Users\User\AppData\Local\Android\Sdk\platform-tools\adb.exe -P 5037 start-server'
&amp#27;[38;5;64m[AndroidDriver]&amp#27;[0m Retrieving device list
[debug] &amp#27;[38;5;48m[ADB]&amp#27;[0m Trying to find a connected android device
[debug] &amp#27;[38;5;48m[ADB]&amp#27;[0m Getting connected devices
[debug] &amp#27;[38;5;48m[ADB]&amp#27;[0m Connected devices: [{"udid":"52036015fe09146b","state":"device"}]
&amp#27;[38;5;64m[AndroidDriver]&amp#27;[0m Using device: 52036015fe09146b
&amp#27;[38;5;48m[ADB]&amp#27;[0m Using 'adb.exe' from 'C:\Users\User\AppData\Local\Android\Sdk\platform-tools\adb.exe'
[debug] &amp#27;[38;5;48m[ADB]&amp#27;[0m Running 'C:\Users\User\AppData\Local\Android\Sdk\platform-tools\adb.exe -P 5037 start-server'
[debug] &amp#27;[38;5;48m[ADB]&amp#27;[0m Setting device id to 52036015fe09146b
[debug] &amp#27;[38;5;48m[ADB]&amp#27;[0m Running 'C:\Users\User\AppData\Local\Android\Sdk\platform-tools\adb.exe -P 5037 -s 52036015fe09146b shell getprop ro.build.version.sdk'
[debug] &amp#27;[38;5;48m[ADB]&amp#27;[0m Current device property 'ro.build.version.sdk': 27
[debug] &amp#27;[38;5;48m[ADB]&amp#27;[0m Device API level: 27
&amp#27;[38;5;64m[AndroidDriver]&amp#27;[0m No app sent in, not parsing package/activity
[debug] &amp#27;[38;5;48m[ADB]&amp#27;[0m Running 'C:\Users\User\AppData\Local\Android\Sdk\platform-tools\adb.exe -P 5037 -s 52036015fe09146b wait-for-device'
[debug] &amp#27;[38;5;48m[ADB]&amp#27;[0m Running 'C:\Users\User\AppData\Local\Android\Sdk\platform-tools\adb.exe -P 5037 -s 52036015fe09146b shell echo ping'
[debug] &amp#27;[38;5;64m[AndroidDriver]&amp#27;[0m Pushing settings apk to device...
[debug] &amp#27;[38;5;48m[ADB]&amp#27;[0m Getting install status for io.appium.settings
[debug] &amp#27;[38;5;48m[ADB]&amp#27;[0m Running 'C:\Users\User\AppData\Local\Android\Sdk\platform-tools\adb.exe -P 5037 -s 52036015fe09146b shell dumpsys package io.appium.settings'
[debug] &amp#27;[38;5;48m[ADB]&amp#27;[0m 'io.appium.settings' is installed
[debug] &amp#27;[38;5;48m[ADB]&amp#27;[0m Getting package info for 'io.appium.settings'
[debug] &amp#27;[38;5;48m[ADB]&amp#27;[0m Running 'C:\Users\User\AppData\Local\Android\Sdk\platform-tools\adb.exe -P 5037 -s 52036015fe09146b shell dumpsys package io.appium.settings'
[debug] &amp#27;[38;5;48m[ADB]&amp#27;[0m The version name of the installed 'io.appium.settings' is greater or equal to the application version name ('5.0.3' >= '5.0.3')
[debug] &amp#27;[38;5;48m[ADB]&amp#27;[0m There is no need to install/upgrade 'C:\Users\User\.appium\node_modules\appium-uiautomator2-driver\node_modules\io.appium.settings\apks\settings_apk-debug.apk'
[debug] &amp#27;[38;5;48m[ADB]&amp#27;[0m Getting IDs of all 'io.appium.settings' processes
[debug] &amp#27;[38;5;48m[ADB]&amp#27;[0m Running 'C:\Users\User\AppData\Local\Android\Sdk\platform-tools\adb.exe -P 5037 -s 52036015fe09146b shell 'pgrep --help; echo $?''
[debug] &amp#27;[38;5;48m[ADB]&amp#27;[0m Running 'C:\Users\User\AppData\Local\Android\Sdk\platform-tools\adb.exe -P 5037 -s 52036015fe09146b shell pgrep -f \(\[\[:blank:\]\]\|\^\)io\.appium\.settings\(\[\[:blank:\]\]\|\$\)'
[debug] &amp#27;[38;5;64m[AndroidDriver]&amp#27;[0m io.appium.settings is already running. There is no need to reset its permissions.
[debug] &amp#27;[38;5;48m[ADB]&amp#27;[0m Running 'C:\Users\User\AppData\Local\Android\Sdk\platform-tools\adb.exe -P 5037 -s 52036015fe09146b shell appops set io.appium.settings android:mock_location allow'
[debug] &amp#27;[38;5;48m[ADB]&amp#27;[0m Running 'C:\Users\User\AppData\Local\Android\Sdk\platform-tools\adb.exe -P 5037 -s 52036015fe09146b shell "[ -e '/data/local/tmp/mock_apps.json' ] && echo __PASS__"'
[debug] &amp#27;[38;5;48m[ADB]&amp#27;[0m Running 'C:\Users\User\AppData\Local\Android\Sdk\platform-tools\adb.exe -P 5037 -s 52036015fe09146b shell cat /data/local/tmp/mock_apps.json'
[debug] &amp#27;[38;5;80m[Logcat]&amp#27;[0m Starting logs capture with command: C:\\Users\\User\\AppData\\Local\\Android\\Sdk\\platform-tools\\adb.exe -P 5037 -s 52036015fe09146b logcat -v threadtime
[debug] &amp#27;[38;5;32m[AndroidUiautomator2Driver@a7d5 (d2c9b10b)]&amp#27;[0m Forwarding UiAutomator2 Server port 6790 to local port 8200
[debug] &amp#27;[38;5;48m[ADB]&amp#27;[0m Forwarding system: 8200 to device: 6790
[debug] &amp#27;[38;5;48m[ADB]&amp#27;[0m Running 'C:\Users\User\AppData\Local\Android\Sdk\platform-tools\adb.exe -P 5037 -s 52036015fe09146b forward tcp:8200 tcp:6790'
[debug] &amp#27;[38;5;48m[ADB]&amp#27;[0m Getting install status for io.appium.uiautomator2.server
[debug] &amp#27;[38;5;48m[ADB]&amp#27;[0m Running 'C:\Users\User\AppData\Local\Android\Sdk\platform-tools\adb.exe -P 5037 -s 52036015fe09146b shell dumpsys package io.appium.uiautomator2.server'
[debug] &amp#27;[38;5;48m[ADB]&amp#27;[0m 'io.appium.uiautomator2.server' is installed
[debug] &amp#27;[38;5;48m[ADB]&amp#27;[0m Getting package info for 'io.appium.uiautomator2.server'
[debug] &amp#27;[38;5;48m[ADB]&amp#27;[0m Running 'C:\Users\User\AppData\Local\Android\Sdk\platform-tools\adb.exe -P 5037 -s 52036015fe09146b shell dumpsys package io.appium.uiautomator2.server'
[debug] &amp#27;[38;5;48m[ADB]&amp#27;[0m The version name of the installed 'io.appium.uiautomator2.server' is greater or equal to the application version name ('5.7.8' >= '5.7.8')
[debug] &amp#27;[38;5;32m[AndroidUiautomator2Driver@a7d5 (d2c9b10b)]&amp#27;[0m io.appium.uiautomator2.server installation state: sameVersionInstalled
[debug] &amp#27;[38;5;48m[ADB]&amp#27;[0m Checking app cert for C:\Users\User\.appium\node_modules\appium-uiautomator2-driver\node_modules\appium-uiautomator2-server\apks\appium-uiautomator2-server-v5.7.8.apk
&amp#27;[38;5;48m[ADB]&amp#27;[0m Using 'apksigner.jar' from 'C:\Users\User\AppData\Local\Android\Sdk\build-tools\33.0.0\lib\apksigner.jar'
[debug] &amp#27;[38;5;48m[ADB]&amp#27;[0m Starting apksigner: 'C:\\Program Files\\Java\\jdk-11\\bin\\java.exe' -Xmx1024M -Xss1m -jar C:\\Users\\User\\AppData\\Local\\Android\\Sdk\\build-tools\\33.0.0\\lib\\apksigner.jar verify --print-certs C:\\Users\\User\\.appium\\node_modules\\appium-uiautomator2-driver\\node_modules\\appium-uiautomator2-server\\apks\\appium-uiautomator2-server-v5.7.8.apk
[debug] &amp#27;[38;5;48m[ADB]&amp#27;[0m apksigner stdout: Signer #1 certificate DN: EMAILADDRESS=android@android.com, CN=Android, OU=Android, O=Android, L=Mountain View, ST=California, C=US
[debug] &amp#27;[38;5;48m[ADB]&amp#27;[0m Signer #1 certificate SHA-256 digest: a40da80a59d170caa950cf15c18c454d47a39b26989d8b640ecd745ba71bf5dc
[debug] &amp#27;[38;5;48m[ADB]&amp#27;[0m Signer #1 certificate SHA-1 digest: 61ed377e85d386a8dfee6b864bd85b0bfaa5af81
[debug] &amp#27;[38;5;48m[ADB]&amp#27;[0m Signer #1 certificate MD5 digest: e89b158e4bcf988ebd09eb83f5378e87
[debug] &amp#27;[38;5;48m[ADB]&amp#27;[0m 
[debug] &amp#27;[38;5;48m[ADB]&amp#27;[0m sha256 hash did match for 'appium-uiautomator2-server-v5.7.8.apk'
&amp#27;[38;5;48m[ADB]&amp#27;[0m 'C:\Users\User\.appium\node_modules\appium-uiautomator2-driver\node_modules\appium-uiautomator2-server\apks\appium-uiautomator2-server-v5.7.8.apk' is signed with the default certificate
[debug] &amp#27;[38;5;48m[ADB]&amp#27;[0m Getting install status for io.appium.uiautomator2.server.test
[debug] &amp#27;[38;5;48m[ADB]&amp#27;[0m Running 'C:\Users\User\AppData\Local\Android\Sdk\platform-tools\adb.exe -P 5037 -s 52036015fe09146b shell dumpsys package io.appium.uiautomator2.server.test'
[debug] &amp#27;[38;5;48m[ADB]&amp#27;[0m 'io.appium.uiautomator2.server.test' is installed
[debug] &amp#27;[38;5;48m[ADB]&amp#27;[0m Checking app cert for C:\Users\User\.appium\node_modules\appium-uiautomator2-driver\node_modules\appium-uiautomator2-server\apks\appium-uiautomator2-server-debug-androidTest.apk
[debug] &amp#27;[38;5;48m[ADB]&amp#27;[0m Starting apksigner: 'C:\\Program Files\\Java\\jdk-11\\bin\\java.exe' -Xmx1024M -Xss1m -jar C:\\Users\\User\\AppData\\Local\\Android\\Sdk\\build-tools\\33.0.0\\lib\\apksigner.jar verify --print-certs C:\\Users\\User\\.appium\\node_modules\\appium-uiautomator2-driver\\node_modules\\appium-uiautomator2-server\\apks\\appium-uiautomator2-server-debug-androidTest.apk
[debug] &amp#27;[38;5;48m[ADB]&amp#27;[0m apksigner stdout: Signer #1 certificate DN: EMAILADDRESS=android@android.com, CN=Android, OU=Android, O=Android, L=Mountain View, ST=California, C=US
[debug] &amp#27;[38;5;48m[ADB]&amp#27;[0m Signer #1 certificate SHA-256 digest: a40da80a59d170caa950cf15c18c454d47a39b26989d8b640ecd745ba71bf5dc
[debug] &amp#27;[38;5;48m[ADB]&amp#27;[0m Signer #1 certificate SHA-1 digest: 61ed377e85d386a8dfee6b864bd85b0bfaa5af81
[debug] &amp#27;[38;5;48m[ADB]&amp#27;[0m Signer #1 certificate MD5 digest: e89b158e4bcf988ebd09eb83f5378e87
[debug] &amp#27;[38;5;48m[ADB]&amp#27;[0m 
[debug] &amp#27;[38;5;48m[ADB]&amp#27;[0m sha256 hash did match for 'appium-uiautomator2-server-debug-androidTest.apk'
&amp#27;[38;5;48m[ADB]&amp#27;[0m 'C:\Users\User\.appium\node_modules\appium-uiautomator2-driver\node_modules\appium-uiautomator2-server\apks\appium-uiautomator2-server-debug-androidTest.apk' is signed with the default certificate
&amp#27;[38;5;32m[AndroidUiautomator2Driver@a7d5 (d2c9b10b)]&amp#27;[0m Server packages are not going to be (re)installed
[debug] &amp#27;[38;5;32m[AndroidUiautomator2Driver@a7d5 (d2c9b10b)]&amp#27;[0m Waiting up to 30000ms for services to be available
[debug] &amp#27;[38;5;48m[ADB]&amp#27;[0m Running 'C:\Users\User\AppData\Local\Android\Sdk\platform-tools\adb.exe -P 5037 -s 52036015fe09146b shell pm list instrumentation'
[debug] &amp#27;[38;5;32m[AndroidUiautomator2Driver@a7d5 (d2c9b10b)]&amp#27;[0m Instrumentation target 'io.appium.uiautomator2.server.test/androidx.test.runner.AndroidJUnitRunner' is available
&amp#27;[38;5;48m[ADB]&amp#27;[0m Adding packages ["io.appium.settings","io.appium.uiautomator2.server","io.appium.uiautomator2.server.test"] to Doze whitelist
[debug] &amp#27;[38;5;48m[ADB]&amp#27;[0m Got the following command chunks to execute: [["dumpsys","deviceidle","whitelist","+io.appium.settings",";","dumpsys","deviceidle","whitelist","+io.appium.uiautomator2.server",";","dumpsys","deviceidle","whitelist","+io.appium.uiautomator2.server.test",";"]]
[debug] &amp#27;[38;5;48m[ADB]&amp#27;[0m Running 'C:\Users\User\AppData\Local\Android\Sdk\platform-tools\adb.exe -P 5037 -s 52036015fe09146b shell dumpsys deviceidle whitelist +io.appium.settings ; dumpsys deviceidle whitelist +io.appium.uiautomator2.server ; dumpsys deviceidle whitelist +io.appium.uiautomator2.server.test ;'
[debug] &amp#27;[38;5;32m[AndroidUiautomator2Driver@a7d5 (d2c9b10b)]&amp#27;[0m No app capability. Assuming it is already on the device
[debug] &amp#27;[38;5;32m[AndroidUiautomator2Driver@a7d5 (d2c9b10b)]&amp#27;[0m Performing shallow cleanup of automation leftovers
[debug] &amp#27;[38;5;32m[AndroidUiautomator2Driver@a7d5 (d2c9b10b)]&amp#27;[0m No obsolete sessions have been detected (socket hang up)
[debug] &amp#27;[38;5;48m[ADB]&amp#27;[0m Running 'C:\Users\User\AppData\Local\Android\Sdk\platform-tools\adb.exe -P 5037 -s 52036015fe09146b shell am force-stop io.appium.uiautomator2.server.test'
&amp#27;[38;5;32m[AndroidUiautomator2Driver@a7d5 (d2c9b10b)]&amp#27;[0m Starting UIAutomator2 server 5.7.8
&amp#27;[38;5;32m[AndroidUiautomator2Driver@a7d5 (d2c9b10b)]&amp#27;[0m Using UIAutomator2 server from 'C:\Users\User\.appium\node_modules\appium-uiautomator2-driver\node_modules\appium-uiautomator2-server\apks\appium-uiautomator2-server-v5.7.8.apk' and test from 'C:\Users\User\.appium\node_modules\appium-uiautomator2-driver\node_modules\appium-uiautomator2-server\apks\appium-uiautomator2-server-debug-androidTest.apk'
&amp#27;[38;5;32m[AndroidUiautomator2Driver@a7d5 (d2c9b10b)]&amp#27;[0m Waiting up to 30000ms for UiAutomator2 to be online...
[debug] &amp#27;[38;5;48m[ADB]&amp#27;[0m Creating ADB subprocess with args: ["-P",5037,"-s","52036015fe09146b","shell","am","instrument","-w","-e","disableAnalytics",true,"io.appium.uiautomator2.server.test/androidx.test.runner.AndroidJUnitRunner"]
[debug] &amp#27;[38;5;32m[AndroidUiautomator2Driver@a7d5 (d2c9b10b)]&amp#27;[0m Matched '/status' to command name 'getStatus'
[debug] &amp#27;[38;5;32m[AndroidUiautomator2Driver@a7d5 (d2c9b10b)]&amp#27;[0m Proxying [GET /status] to [GET http://127.0.0.1:8200/status] with no body
&amp#27;[38;5;32m[AndroidUiautomator2Driver@a7d5 (d2c9b10b)]&amp#27;[0m socket hang up
[debug] &amp#27;[38;5;32m[AndroidUiautomator2Driver@a7d5 (d2c9b10b)]&amp#27;[0m Matched '/status' to command name 'getStatus'
[debug] &amp#27;[38;5;32m[AndroidUiautomator2Driver@a7d5 (d2c9b10b)]&amp#27;[0m Proxying [GET /status] to [GET http://127.0.0.1:8200/status] with no body
&amp#27;[38;5;32m[AndroidUiautomator2Driver@a7d5 (d2c9b10b)]&amp#27;[0m socket hang up
[debug] &amp#27;[38;5;32m[AndroidUiautomator2Driver@a7d5 (d2c9b10b)]&amp#27;[0m Matched '/status' to command name 'getStatus'
[debug] &amp#27;[38;5;32m[AndroidUiautomator2Driver@a7d5 (d2c9b10b)]&amp#27;[0m Proxying [GET /status] to [GET http://127.0.0.1:8200/status] with no body
&amp#27;[38;5;32m[AndroidUiautomator2Driver@a7d5 (d2c9b10b)]&amp#27;[0m socket hang up
[debug] &amp#27;[38;5;96m[Instrumentation]&amp#27;[0m io.appium.uiautomator2.server.test.AppiumUiAutomator2Server:
[debug] &amp#27;[38;5;32m[AndroidUiautomator2Driver@a7d5 (d2c9b10b)]&amp#27;[0m Matched '/status' to command name 'getStatus'
[debug] &amp#27;[38;5;32m[AndroidUiautomator2Driver@a7d5 (d2c9b10b)]&amp#27;[0m Proxying [GET /status] to [GET http://127.0.0.1:8200/status] with no body
&amp#27;[38;5;32m[AndroidUiautomator2Driver@a7d5 (d2c9b10b)]&amp#27;[0m socket hang up
[debug] &amp#27;[38;5;32m[AndroidUiautomator2Driver@a7d5 (d2c9b10b)]&amp#27;[0m Matched '/status' to command name 'getStatus'
[debug] &amp#27;[38;5;32m[AndroidUiautomator2Driver@a7d5 (d2c9b10b)]&amp#27;[0m Proxying [GET /status] to [GET http://127.0.0.1:8200/status] with no body
&amp#27;[38;5;32m[AndroidUiautomator2Driver@a7d5 (d2c9b10b)]&amp#27;[0m socket hang up
[debug] &amp#27;[38;5;32m[AndroidUiautomator2Driver@a7d5 (d2c9b10b)]&amp#27;[0m Matched '/status' to command name 'getStatus'
[debug] &amp#27;[38;5;32m[AndroidUiautomator2Driver@a7d5 (d2c9b10b)]&amp#27;[0m Proxying [GET /status] to [GET http://127.0.0.1:8200/status] with no body
[debug] &amp#27;[38;5;32m[AndroidUiautomator2Driver@a7d5 (d2c9b10b)]&amp#27;[0m Got response with status 200: {"sessionId":"None","value":{"message":"UiAutomator2 Server is ready to accept commands","ready":true}}
[debug] &amp#27;[38;5;32m[AndroidUiautomator2Driver@a7d5 (d2c9b10b)]&amp#27;[0m The initialization of the instrumentation process took 5392ms
[debug] &amp#27;[38;5;32m[AndroidUiautomator2Driver@a7d5 (d2c9b10b)]&amp#27;[0m Matched '/session' to command name 'createSession'
[debug] &amp#27;[38;5;32m[AndroidUiautomator2Driver@a7d5 (d2c9b10b)]&amp#27;[0m Proxying [POST /session] to [POST http://127.0.0.1:8200/session] with body: {"capabilities":{"firstMatch":[{"platform":"LINUX","webStorageEnabled":false,"takesScreenshot":true,"javascriptEnabled":true,"databaseEnabled":false,"networkConnectionEnabled":true,"locationContextEnabled":false,"warnings":{},"desired":{"platformName":"android","automationName":"UIAutomator2","deviceName":"52036015fe09146b"},"platformName":"android","automationName":"UIAutomator2","deviceName":"52036015fe09146b","deviceUDID":"52036015fe09146b"}],"alwaysMatch":{}}}
[debug] &amp#27;[38;5;32m[AndroidUiautomator2Driver@a7d5 (d2c9b10b)]&amp#27;[0m Got response with status 200: {"sessionId":"e61cf805-309a-4eec-b589-0eea9f694bc2","value":{"capabilities":{"firstMatch":[{"platform":"LINUX","webStorageEnabled":false,"takesScreenshot":true,"javascriptEnabled":true,"databaseEnabled":false,"networkConnectionEnabled":true,"locationContextEnabled":false,"warnings":{},"desired":{"platformName":"android","automationName":"UIAutomator2","deviceName":"52036015fe09146b"},"platformName":"android","automationName":"UIAutomator2","deviceName":"52036015fe09146b","deviceUDID":"52036015fe09146b"}],"alwaysMatch":{}},"sessionId":"e61cf805-309a-4eec-b589-0eea9f694bc2"}}
&amp#27;[38;5;32m[AndroidUiautomator2Driver@a7d5 (d2c9b10b)]&amp#27;[0m Determined the downstream protocol as 'W3C'
[debug] &amp#27;[38;5;32m[AndroidUiautomator2Driver@a7d5 (d2c9b10b)]&amp#27;[0m Proxying [GET /appium/device/info] to [GET http://127.0.0.1:8200/session/e61cf805-309a-4eec-b589-0eea9f694bc2/appium/device/info] with no body
[debug] &amp#27;[38;5;32m[AndroidUiautomator2Driver@a7d5 (d2c9b10b)]&amp#27;[0m Got response with status 200: {"sessionId":"e61cf805-309a-4eec-b589-0eea9f694bc2","value":{"androidId":"48cf89106525a20d","apiVersion":"27","bluetooth":{"state":"OFF"},"brand":"samsung","carrierName":"","displayDensity":480,"locale":"en_GB","manufacturer":"samsung","model":"SM-G610F","networks":[{"capabilities":{"SSID":null,"linkDownBandwidthKbps":1048576,"linkUpstreamBandwidthKbps":1048576,"networkCapabilities":"NET_CAPABILITY_WIFI_P2P,NET_CAPABILITY_NOT_RESTRICTED,NET_CAPABILITY_TRUSTED,NET_CAPABILITY_NOT_VPN","signalStrength":-2147483648,"transportTypes":"TRANSPORT_WIFI"},"detailedState":"IDLE","extraInfo":null,"isAvailable":true,"isConnected":false,"isFailover":false,"isRoaming":false,"state":"UNKNOWN","subtype":0,"subtypeName":"","type":13,"typeName":"WIFI_P2P"},{"capabilities":{"SSID":null,"linkDownBandwidthKbps":1048576,"linkUpstreamBandwidthKbps":1048576,"networkCapabilities":"NET_CAPABILITY_NOT_METERED,NET_CAPABILITY_INTERNET,NET_CAPABILITY_NOT_RESTRICTED,NET_CAPABILITY_TRUSTED,NET_CAPABILITY_NOT_VPN,NET_CAPABILITY_VALIDATED,N...
[debug] &amp#27;[38;5;48m[ADB]&amp#27;[0m Running 'C:\Users\User\AppData\Local\Android\Sdk\platform-tools\adb.exe -P 5037 -s 52036015fe09146b shell dumpsys window'
[debug] &amp#27;[38;5;64m[AndroidDriver]&amp#27;[0m Screen is locked, trying to unlock
&amp#27;[38;5;64m[AndroidDriver]&amp#27;[0m Neither 'unlockType' nor 'unlockKey' capability is provided. Assuming the device is locked with a simple lock screen.
&amp#27;[38;5;48m[ADB]&amp#27;[0m Waking up the device to dismiss the keyguard
[debug] &amp#27;[38;5;48m[ADB]&amp#27;[0m Running 'C:\Users\User\AppData\Local\Android\Sdk\platform-tools\adb.exe -P 5037 -s 52036015fe09146b shell input keyevent 26'
[debug] &amp#27;[38;5;48m[ADB]&amp#27;[0m Running 'C:\Users\User\AppData\Local\Android\Sdk\platform-tools\adb.exe -P 5037 -s 52036015fe09146b shell input keyevent 224'
[debug] &amp#27;[38;5;48m[ADB]&amp#27;[0m Running 'C:\Users\User\AppData\Local\Android\Sdk\platform-tools\adb.exe -P 5037 -s 52036015fe09146b shell wm dismiss-keyguard'
[debug] &amp#27;[38;5;32m[AndroidUiautomator2Driver@a7d5 (d2c9b10b)]&amp#27;[0m Proxying [GET /appium/device/pixel_ratio] to [GET http://127.0.0.1:8200/session/e61cf805-309a-4eec-b589-0eea9f694bc2/appium/device/pixel_ratio] with no body
[debug] &amp#27;[38;5;32m[AndroidUiautomator2Driver@a7d5 (d2c9b10b)]&amp#27;[0m Got response with status 200: {"sessionId":"e61cf805-309a-4eec-b589-0eea9f694bc2","value":3}
[debug] &amp#27;[38;5;32m[AndroidUiautomator2Driver@a7d5 (d2c9b10b)]&amp#27;[0m Matched '/appium/device/system_bars' to command name 'getSystemBars'
[debug] &amp#27;[38;5;32m[AndroidUiautomator2Driver@a7d5 (d2c9b10b)]&amp#27;[0m Proxying [GET /appium/device/system_bars] to [GET http://127.0.0.1:8200/session/e61cf805-309a-4eec-b589-0eea9f694bc2/appium/device/system_bars] with no body
[debug] &amp#27;[38;5;32m[AndroidUiautomator2Driver@a7d5 (d2c9b10b)]&amp#27;[0m Got response with status 200: {"sessionId":"e61cf805-309a-4eec-b589-0eea9f694bc2","value":{"statusBar":72}}
[debug] &amp#27;[38;5;32m[AndroidUiautomator2Driver@a7d5 (d2c9b10b)]&amp#27;[0m Matched '/window/current/size' to command name 'getWindowSize'
[debug] &amp#27;[38;5;32m[AndroidUiautomator2Driver@a7d5 (d2c9b10b)]&amp#27;[0m Proxying [GET /window/current/size] to [GET http://127.0.0.1:8200/session/e61cf805-309a-4eec-b589-0eea9f694bc2/window/current/size] with no body
[debug] &amp#27;[38;5;32m[AndroidUiautomator2Driver@a7d5 (d2c9b10b)]&amp#27;[0m Got response with status 200: {"sessionId":"e61cf805-309a-4eec-b589-0eea9f694bc2","value":{"height":1920,"width":1080}}
&amp#27;[38;5;16m[AppiumDriver@3896]&amp#27;[0m New AndroidUiautomator2Driver session created successfully, session d2c9b10b-c037-4b64-8bdf-6ffcf3513fc6 added to master session list
[debug] &amp#27;[38;5;16m[AppiumDriver@3896]&amp#27;[0m Event 'newSessionStarted' logged at 1678725578275 (22:09:38 GMT+0530 (India Standard Time))
[debug] &amp#27;[38;5;32m[AndroidUiautomator2Driver@a7d5 (d2c9b10b)]&amp#27;[0m Cached the protocol value 'W3C' for the new session d2c9b10b-c037-4b64-8bdf-6ffcf3513fc6
[debug] &amp#27;[38;5;32m[AndroidUiautomator2Driver@a7d5 (d2c9b10b)]&amp#27;[0m Responding to client with driver.createSession() result: {"capabilities":{"platform":"LINUX","webStorageEnabled":false,"takesScreenshot":true,"javascriptEnabled":true,"databaseEnabled":false,"networkConnectionEnabled":true,"locationContextEnabled":false,"warnings":{},"desired":{"platformName":"android","automationName":"UIAutomator2","deviceName":"52036015fe09146b"},"platformName":"android","automationName":"UIAutomator2","deviceName":"52036015fe09146b","deviceUDID":"52036015fe09146b","deviceApiLevel":27,"platformVersion":"8.1.0","deviceScreenSize":"1080x1920","deviceScreenDensity":480,"deviceModel":"SM-G610F","deviceManufacturer":"samsung","pixelRatio":3,"statBarHeight":72,"viewportRect":{"left":0,"top":72,"width":1080,"height":1848}}}
&amp#27;[38;5;0m[HTTP]&amp#27;[0m &amp#27;[37m<-- POST /session &amp#27;[39m&amp#27;[32m200&amp#27;[39m &amp#27;[90m16134 ms - 750&amp#27;[39m
&amp#27;[38;5;0m[HTTP]&amp#27;[0m &amp#27;[90m&amp#27;[39m
&amp#27;[38;5;0m[HTTP]&amp#27;[0m &amp#27;[37m-->&amp#27;[39m &amp#27;[37mPOST&amp#27;[39m &amp#27;[37m/session/d2c9b10b-c037-4b64-8bdf-6ffcf3513fc6/timeouts&amp#27;[39m
&amp#27;[38;5;0m[HTTP]&amp#27;[0m &amp#27;[90m{"implicit":20000}&amp#27;[39m
[debug] &amp#27;[38;5;32m[AndroidUiautomator2Driver@a7d5 (d2c9b10b)]&amp#27;[0m Calling AppiumDriver.timeouts() with args: [null,null,null,null,20000,"d2c9b10b-c037-4b64-8bdf-6ffcf3513fc6"]
[debug] &amp#27;[38;5;32m[AndroidUiautomator2Driver@a7d5 (d2c9b10b)]&amp#27;[0m W3C timeout argument: {"implicit":20000}}
[debug] &amp#27;[38;5;32m[AndroidUiautomator2Driver@a7d5 (d2c9b10b)]&amp#27;[0m Set implicit wait to 20000ms
[debug] &amp#27;[38;5;32m[AndroidUiautomator2Driver@a7d5 (d2c9b10b)]&amp#27;[0m Responding to client with driver.timeouts() result: null
&amp#27;[38;5;0m[HTTP]&amp#27;[0m &amp#27;[37m<-- POST /session/d2c9b10b-c037-4b64-8bdf-6ffcf3513fc6/timeouts &amp#27;[39m&amp#27;[32m200&amp#27;[39m &amp#27;[90m7 ms - 14&amp#27;[39m
&amp#27;[38;5;0m[HTTP]&amp#27;[0m &amp#27;[90m&amp#27;[39m
&amp#27;[38;5;0m[HTTP]&amp#27;[0m &amp#27;[37m-->&amp#27;[39m &amp#27;[37mGET&amp#27;[39m &amp#27;[37m/session/d2c9b10b-c037-4b64-8bdf-6ffcf3513fc6/context&amp#27;[39m
&amp#27;[38;5;0m[HTTP]&amp#27;[0m &amp#27;[90m{}&amp#27;[39m
[debug] &amp#27;[38;5;32m[AndroidUiautomator2Driver@a7d5 (d2c9b10b)]&amp#27;[0m Calling AppiumDriver.getCurrentContext() with args: ["d2c9b10b-c037-4b64-8bdf-6ffcf3513fc6"]
[debug] &amp#27;[38;5;32m[AndroidUiautomator2Driver@a7d5 (d2c9b10b)]&amp#27;[0m Responding to client with driver.getCurrentContext() result: "NATIVE_APP"
&amp#27;[38;5;0m[HTTP]&amp#27;[0m &amp#27;[37m<-- GET /session/d2c9b10b-c037-4b64-8bdf-6ffcf3513fc6/context &amp#27;[39m&amp#27;[32m200&amp#27;[39m &amp#27;[90m12 ms - 22&amp#27;[39m
&amp#27;[38;5;0m[HTTP]&amp#27;[0m &amp#27;[90m&amp#27;[39m
&amp#27;[38;5;0m[HTTP]&amp#27;[0m &amp#27;[37m-->&amp#27;[39m &amp#27;[37mPOST&amp#27;[39m &amp#27;[37m/session/d2c9b10b-c037-4b64-8bdf-6ffcf3513fc6/element&amp#27;[39m
&amp#27;[38;5;0m[HTTP]&amp#27;[0m &amp#27;[90m{"using":"id","value":"android:id/text1"}&amp#27;[39m
[debug] &amp#27;[38;5;32m[AndroidUiautomator2Driver@a7d5 (d2c9b10b)]&amp#27;[0m Calling AppiumDriver.findElement() with args: ["id","android:id/text1","d2c9b10b-c037-4b64-8bdf-6ffcf3513fc6"]
[debug] &amp#27;[38;5;32m[AndroidUiautomator2Driver@a7d5 (d2c9b10b)]&amp#27;[0m Valid locator strategies for this request: xpath, id, class name, accessibility id, css selector, -android uiautomator
[debug] &amp#27;[38;5;32m[AndroidUiautomator2Driver@a7d5 (d2c9b10b)]&amp#27;[0m Waiting up to 20000 ms for condition
[debug] &amp#27;[38;5;32m[AndroidUiautomator2Driver@a7d5 (d2c9b10b)]&amp#27;[0m Matched '/element' to command name 'findElement'
[debug] &amp#27;[38;5;32m[AndroidUiautomator2Driver@a7d5 (d2c9b10b)]&amp#27;[0m Proxying [POST /element] to [POST http://127.0.0.1:8200/session/e61cf805-309a-4eec-b589-0eea9f694bc2/element] with body: {"strategy":"id","selector":"android:id/text1","context":"","multiple":false}
&amp#27;[38;5;32m[AndroidUiautomator2Driver@a7d5 (d2c9b10b)]&amp#27;[0m Got response with status 404: {"sessionId":"e61cf805-309a-4eec-b589-0eea9f694bc2","value":{"error":"no such element","message":"An element could not be located on the page using the given search parameters","stacktrace":"io.appium.uiautomator2.common.exceptions.ElementNotFoundException: An element could not be located on the page using the given search parameters\n\tat io.appium.uiautomator2.handler.FindElement.safeHandle(FindElement.java:70)\n\tat io.appium.uiautomator2.handler.request.SafeRequestHandler.handle(SafeRequestHandler.java:59)\n\tat io.appium.uiautomator2.server.AppiumServlet.handleRequest(AppiumServlet.java:267)\n\tat io.appium.uiautomator2.server.AppiumServlet.handleHttpRequest(AppiumServlet.java:261)\n\tat io.appium.uiautomator2.http.ServerHandler.channelRead(ServerHandler.java:68)\n\tat io.netty.channel.AbstractChannelHandlerContext.invokeChannelRead(AbstractChannelHandlerContext.java:366)\n\tat io.netty.channel.AbstractChannelHandlerContext.invokeChannelRead(AbstractChannelHandlerContext.java:352)\n\tat io.netty.chann...
[debug] &amp#27;[38;5;112m[W3C]&amp#27;[0m Matched W3C error code 'no such element' to NoSuchElementError
[debug] &amp#27;[38;5;32m[AndroidUiautomator2Driver@a7d5 (d2c9b10b)]&amp#27;[0m Waited for 806 ms so far
[debug] &amp#27;[38;5;32m[AndroidUiautomator2Driver@a7d5 (d2c9b10b)]&amp#27;[0m Matched '/element' to command name 'findElement'
[debug] &amp#27;[38;5;32m[AndroidUiautomator2Driver@a7d5 (d2c9b10b)]&amp#27;[0m Proxying [POST /element] to [POST http://127.0.0.1:8200/session/e61cf805-309a-4eec-b589-0eea9f694bc2/element] with body: {"strategy":"id","selector":"android:id/text1","context":"","multiple":false}
&amp#27;[38;5;32m[AndroidUiautomator2Driver@a7d5 (d2c9b10b)]&amp#27;[0m Got response with status 404: {"sessionId":"e61cf805-309a-4eec-b589-0eea9f694bc2","value":{"error":"no such element","message":"An element could not be located on the page using the given search parameters","stacktrace":"io.appium.uiautomator2.common.exceptions.ElementNotFoundException: An element could not be located on the page using the given search parameters\n\tat io.appium.uiautomator2.handler.FindElement.safeHandle(FindElement.java:70)\n\tat io.appium.uiautomator2.handler.request.SafeRequestHandler.handle(SafeRequestHandler.java:59)\n\tat io.appium.uiautomator2.server.AppiumServlet.handleRequest(AppiumServlet.java:267)\n\tat io.appium.uiautomator2.server.AppiumServlet.handleHttpRequest(AppiumServlet.java:261)\n\tat io.appium.uiautomator2.http.ServerHandler.channelRead(ServerHandler.java:68)\n\tat io.netty.channel.AbstractChannelHandlerContext.invokeChannelRead(AbstractChannelHandlerContext.java:366)\n\tat io.netty.channel.AbstractChannelHandlerContext.invokeChannelRead(AbstractChannelHandlerContext.java:352)\n\tat io.netty.chann...
[debug] &amp#27;[38;5;112m[W3C]&amp#27;[0m Matched W3C error code 'no such element' to NoSuchElementError
[debug] &amp#27;[38;5;32m[AndroidUiautomator2Driver@a7d5 (d2c9b10b)]&amp#27;[0m Waited for 1509 ms so far
[debug] &amp#27;[38;5;32m[AndroidUiautomator2Driver@a7d5 (d2c9b10b)]&amp#27;[0m Matched '/element' to command name 'findElement'
[debug] &amp#27;[38;5;32m[AndroidUiautomator2Driver@a7d5 (d2c9b10b)]&amp#27;[0m Proxying [POST /element] to [POST http://127.0.0.1:8200/session/e61cf805-309a-4eec-b589-0eea9f694bc2/element] with body: {"strategy":"id","selector":"android:id/text1","context":"","multiple":false}
&amp#27;[38;5;32m[AndroidUiautomator2Driver@a7d5 (d2c9b10b)]&amp#27;[0m Got response with status 404: {"sessionId":"e61cf805-309a-4eec-b589-0eea9f694bc2","value":{"error":"no such element","message":"An element could not be located on the page using the given search parameters","stacktrace":"io.appium.uiautomator2.common.exceptions.ElementNotFoundException: An element could not be located on the page using the given search parameters\n\tat io.appium.uiautomator2.handler.FindElement.safeHandle(FindElement.java:70)\n\tat io.appium.uiautomator2.handler.request.SafeRequestHandler.handle(SafeRequestHandler.java:59)\n\tat io.appium.uiautomator2.server.AppiumServlet.handleRequest(AppiumServlet.java:267)\n\tat io.appium.uiautomator2.server.AppiumServlet.handleHttpRequest(AppiumServlet.java:261)\n\tat io.appium.uiautomator2.http.ServerHandler.channelRead(ServerHandler.java:68)\n\tat io.netty.channel.AbstractChannelHandlerContext.invokeChannelRead(AbstractChannelHandlerContext.java:366)\n\tat io.netty.channel.AbstractChannelHandlerContext.invokeChannelRead(AbstractChannelHandlerContext.java:352)\n\tat io.netty.chann...
[debug] &amp#27;[38;5;112m[W3C]&amp#27;[0m Matched W3C error code 'no such element' to NoSuchElementError
[debug] &amp#27;[38;5;32m[AndroidUiautomator2Driver@a7d5 (d2c9b10b)]&amp#27;[0m Waited for 2188 ms so far
[debug] &amp#27;[38;5;32m[AndroidUiautomator2Driver@a7d5 (d2c9b10b)]&amp#27;[0m Matched '/element' to command name 'findElement'
[debug] &amp#27;[38;5;32m[AndroidUiautomator2Driver@a7d5 (d2c9b10b)]&amp#27;[0m Proxying [POST /element] to [POST http://127.0.0.1:8200/session/e61cf805-309a-4eec-b589-0eea9f694bc2/element] with body: {"strategy":"id","selector":"android:id/text1","context":"","multiple":false}
&amp#27;[38;5;32m[AndroidUiautomator2Driver@a7d5 (d2c9b10b)]&amp#27;[0m Got response with status 404: {"sessionId":"e61cf805-309a-4eec-b589-0eea9f694bc2","value":{"error":"no such element","message":"An element could not be located on the page using the given search parameters","stacktrace":"io.appium.uiautomator2.common.exceptions.ElementNotFoundException: An element could not be located on the page using the given search parameters\n\tat io.appium.uiautomator2.handler.FindElement.safeHandle(FindElement.java:70)\n\tat io.appium.uiautomator2.handler.request.SafeRequestHandler.handle(SafeRequestHandler.java:59)\n\tat io.appium.uiautomator2.server.AppiumServlet.handleRequest(AppiumServlet.java:267)\n\tat io.appium.uiautomator2.server.AppiumServlet.handleHttpRequest(AppiumServlet.java:261)\n\tat io.appium.uiautomator2.http.ServerHandler.channelRead(ServerHandler.java:68)\n\tat io.netty.channel.AbstractChannelHandlerContext.invokeChannelRead(AbstractChannelHandlerContext.java:366)\n\tat io.netty.channel.AbstractChannelHandlerContext.invokeChannelRead(AbstractChannelHandlerContext.java:352)\n\tat io.netty.chann...
[debug] &amp#27;[38;5;112m[W3C]&amp#27;[0m Matched W3C error code 'no such element' to NoSuchElementError
[debug] &amp#27;[38;5;32m[AndroidUiautomator2Driver@a7d5 (d2c9b10b)]&amp#27;[0m Waited for 2853 ms so far
[debug] &amp#27;[38;5;32m[AndroidUiautomator2Driver@a7d5 (d2c9b10b)]&amp#27;[0m Matched '/element' to command name 'findElement'
[debug] &amp#27;[38;5;32m[AndroidUiautomator2Driver@a7d5 (d2c9b10b)]&amp#27;[0m Proxying [POST /element] to [POST http://127.0.0.1:8200/session/e61cf805-309a-4eec-b589-0eea9f694bc2/element] with body: {"strategy":"id","selector":"android:id/text1","context":"","multiple":false}
&amp#27;[38;5;32m[AndroidUiautomator2Driver@a7d5 (d2c9b10b)]&amp#27;[0m Got response with status 404: {"sessionId":"e61cf805-309a-4eec-b589-0eea9f694bc2","value":{"error":"no such element","message":"An element could not be located on the page using the given search parameters","stacktrace":"io.appium.uiautomator2.common.exceptions.ElementNotFoundException: An element could not be located on the page using the given search parameters\n\tat io.appium.uiautomator2.handler.FindElement.safeHandle(FindElement.java:70)\n\tat io.appium.uiautomator2.handler.request.SafeRequestHandler.handle(SafeRequestHandler.java:59)\n\tat io.appium.uiautomator2.server.AppiumServlet.handleRequest(AppiumServlet.java:267)\n\tat io.appium.uiautomator2.server.AppiumServlet.handleHttpRequest(AppiumServlet.java:261)\n\tat io.appium.uiautomator2.http.ServerHandler.channelRead(ServerHandler.java:68)\n\tat io.netty.channel.AbstractChannelHandlerContext.invokeChannelRead(AbstractChannelHandlerContext.java:366)\n\tat io.netty.channel.AbstractChannelHandlerContext.invokeChannelRead(AbstractChannelHandlerContext.java:352)\n\tat io.netty.chann...
[debug] &amp#27;[38;5;112m[W3C]&amp#27;[0m Matched W3C error code 'no such element' to NoSuchElementError
[debug] &amp#27;[38;5;32m[AndroidUiautomator2Driver@a7d5 (d2c9b10b)]&amp#27;[0m Waited for 3505 ms so far
[debug] &amp#27;[38;5;32m[AndroidUiautomator2Driver@a7d5 (d2c9b10b)]&amp#27;[0m Matched '/element' to command name 'findElement'
[debug] &amp#27;[38;5;32m[AndroidUiautomator2Driver@a7d5 (d2c9b10b)]&amp#27;[0m Proxying [POST /element] to [POST http://127.0.0.1:8200/session/e61cf805-309a-4eec-b589-0eea9f694bc2/element] with body: {"strategy":"id","selector":"android:id/text1","context":"","multiple":false}
&amp#27;[38;5;32m[AndroidUiautomator2Driver@a7d5 (d2c9b10b)]&amp#27;[0m Got response with status 404: {"sessionId":"e61cf805-309a-4eec-b589-0eea9f694bc2","value":{"error":"no such element","message":"An element could not be located on the page using the given search parameters","stacktrace":"io.appium.uiautomator2.common.exceptions.ElementNotFoundException: An element could not be located on the page using the given search parameters\n\tat io.appium.uiautomator2.handler.FindElement.safeHandle(FindElement.java:70)\n\tat io.appium.uiautomator2.handler.request.SafeRequestHandler.handle(SafeRequestHandler.java:59)\n\tat io.appium.uiautomator2.server.AppiumServlet.handleRequest(AppiumServlet.java:267)\n\tat io.appium.uiautomator2.server.AppiumServlet.handleHttpRequest(AppiumServlet.java:261)\n\tat io.appium.uiautomator2.http.ServerHandler.channelRead(ServerHandler.java:68)\n\tat io.netty.channel.AbstractChannelHandlerContext.invokeChannelRead(AbstractChannelHandlerContext.java:366)\n\tat io.netty.channel.AbstractChannelHandlerContext.invokeChannelRead(AbstractChannelHandlerContext.java:352)\n\tat io.netty.chann...
[debug] &amp#27;[38;5;112m[W3C]&amp#27;[0m Matched W3C error code 'no such element' to NoSuchElementError
[debug] &amp#27;[38;5;32m[AndroidUiautomator2Driver@a7d5 (d2c9b10b)]&amp#27;[0m Waited for 4163 ms so far
[debug] &amp#27;[38;5;32m[AndroidUiautomator2Driver@a7d5 (d2c9b10b)]&amp#27;[0m Matched '/element' to command name 'findElement'
[debug] &amp#27;[38;5;32m[AndroidUiautomator2Driver@a7d5 (d2c9b10b)]&amp#27;[0m Proxying [POST /element] to [POST http://127.0.0.1:8200/session/e61cf805-309a-4eec-b589-0eea9f694bc2/element] with body: {"strategy":"id","selector":"android:id/text1","context":"","multiple":false}
&amp#27;[38;5;32m[AndroidUiautomator2Driver@a7d5 (d2c9b10b)]&amp#27;[0m Got response with status 404: {"sessionId":"e61cf805-309a-4eec-b589-0eea9f694bc2","value":{"error":"no such element","message":"An element could not be located on the page using the given search parameters","stacktrace":"io.appium.uiautomator2.common.exceptions.ElementNotFoundException: An element could not be located on the page using the given search parameters\n\tat io.appium.uiautomator2.handler.FindElement.safeHandle(FindElement.java:70)\n\tat io.appium.uiautomator2.handler.request.SafeRequestHandler.handle(SafeRequestHandler.java:59)\n\tat io.appium.uiautomator2.server.AppiumServlet.handleRequest(AppiumServlet.java:267)\n\tat io.appium.uiautomator2.server.AppiumServlet.handleHttpRequest(AppiumServlet.java:261)\n\tat io.appium.uiautomator2.http.ServerHandler.channelRead(ServerHandler.java:68)\n\tat io.netty.channel.AbstractChannelHandlerContext.invokeChannelRead(AbstractChannelHandlerContext.java:366)\n\tat io.netty.channel.AbstractChannelHandlerContext.invokeChannelRead(AbstractChannelHandlerContext.java:352)\n\tat io.netty.chann...
[debug] &amp#27;[38;5;112m[W3C]&amp#27;[0m Matched W3C error code 'no such element' to NoSuchElementError
[debug] &amp#27;[38;5;32m[AndroidUiautomator2Driver@a7d5 (d2c9b10b)]&amp#27;[0m Waited for 4795 ms so far
[debug] &amp#27;[38;5;32m[AndroidUiautomator2Driver@a7d5 (d2c9b10b)]&amp#27;[0m Matched '/element' to command name 'findElement'
[debug] &amp#27;[38;5;32m[AndroidUiautomator2Driver@a7d5 (d2c9b10b)]&amp#27;[0m Proxying [POST /element] to [POST http://127.0.0.1:8200/session/e61cf805-309a-4eec-b589-0eea9f694bc2/element] with body: {"strategy":"id","selector":"android:id/text1","context":"","multiple":false}
&amp#27;[38;5;32m[AndroidUiautomator2Driver@a7d5 (d2c9b10b)]&amp#27;[0m Got response with status 404: {"sessionId":"e61cf805-309a-4eec-b589-0eea9f694bc2","value":{"error":"no such element","message":"An element could not be located on the page using the given search parameters","stacktrace":"io.appium.uiautomator2.common.exceptions.ElementNotFoundException: An element could not be located on the page using the given search parameters\n\tat io.appium.uiautomator2.handler.FindElement.safeHandle(FindElement.java:70)\n\tat io.appium.uiautomator2.handler.request.SafeRequestHandler.handle(SafeRequestHandler.java:59)\n\tat io.appium.uiautomator2.server.AppiumServlet.handleRequest(AppiumServlet.java:267)\n\tat io.appium.uiautomator2.server.AppiumServlet.handleHttpRequest(AppiumServlet.java:261)\n\tat io.appium.uiautomator2.http.ServerHandler.channelRead(ServerHandler.java:68)\n\tat io.netty.channel.AbstractChannelHandlerContext.invokeChannelRead(AbstractChannelHandlerContext.java:366)\n\tat io.netty.channel.AbstractChannelHandlerContext.invokeChannelRead(AbstractChannelHandlerContext.java:352)\n\tat io.netty.chann...
[debug] &amp#27;[38;5;112m[W3C]&amp#27;[0m Matched W3C error code 'no such element' to NoSuchElementError
[debug] &amp#27;[38;5;32m[AndroidUiautomator2Driver@a7d5 (d2c9b10b)]&amp#27;[0m Waited for 5457 ms so far
[debug] &amp#27;[38;5;32m[AndroidUiautomator2Driver@a7d5 (d2c9b10b)]&amp#27;[0m Matched '/element' to command name 'findElement'
[debug] &amp#27;[38;5;32m[AndroidUiautomator2Driver@a7d5 (d2c9b10b)]&amp#27;[0m Proxying [POST /element] to [POST http://127.0.0.1:8200/session/e61cf805-309a-4eec-b589-0eea9f694bc2/element] with body: {"strategy":"id","selector":"android:id/text1","context":"","multiple":false}
&amp#27;[38;5;32m[AndroidUiautomator2Driver@a7d5 (d2c9b10b)]&amp#27;[0m Got response with status 404: {"sessionId":"e61cf805-309a-4eec-b589-0eea9f694bc2","value":{"error":"no such element","message":"An element could not be located on the page using the given search parameters","stacktrace":"io.appium.uiautomator2.common.exceptions.ElementNotFoundException: An element could not be located on the page using the given search parameters\n\tat io.appium.uiautomator2.handler.FindElement.safeHandle(FindElement.java:70)\n\tat io.appium.uiautomator2.handler.request.SafeRequestHandler.handle(SafeRequestHandler.java:59)\n\tat io.appium.uiautomator2.server.AppiumServlet.handleRequest(AppiumServlet.java:267)\n\tat io.appium.uiautomator2.server.AppiumServlet.handleHttpRequest(AppiumServlet.java:261)\n\tat io.appium.uiautomator2.http.ServerHandler.channelRead(ServerHandler.java:68)\n\tat io.netty.channel.AbstractChannelHandlerContext.invokeChannelRead(AbstractChannelHandlerContext.java:366)\n\tat io.netty.channel.AbstractChannelHandlerContext.invokeChannelRead(AbstractChannelHandlerContext.java:352)\n\tat io.netty.chann...
[debug] &amp#27;[38;5;112m[W3C]&amp#27;[0m Matched W3C error code 'no such element' to NoSuchElementError
[debug] &amp#27;[38;5;32m[AndroidUiautomator2Driver@a7d5 (d2c9b10b)]&amp#27;[0m Waited for 6103 ms so far
[debug] &amp#27;[38;5;32m[AndroidUiautomator2Driver@a7d5 (d2c9b10b)]&amp#27;[0m Matched '/element' to command name 'findElement'
[debug] &amp#27;[38;5;32m[AndroidUiautomator2Driver@a7d5 (d2c9b10b)]&amp#27;[0m Proxying [POST /element] to [POST http://127.0.0.1:8200/session/e61cf805-309a-4eec-b589-0eea9f694bc2/element] with body: {"strategy":"id","selector":"android:id/text1","context":"","multiple":false}
&amp#27;[38;5;32m[AndroidUiautomator2Driver@a7d5 (d2c9b10b)]&amp#27;[0m Got response with status 404: {"sessionId":"e61cf805-309a-4eec-b589-0eea9f694bc2","value":{"error":"no such element","message":"An element could not be located on the page using the given search parameters","stacktrace":"io.appium.uiautomator2.common.exceptions.ElementNotFoundException: An element could not be located on the page using the given search parameters\n\tat io.appium.uiautomator2.handler.FindElement.safeHandle(FindElement.java:70)\n\tat io.appium.uiautomator2.handler.request.SafeRequestHandler.handle(SafeRequestHandler.java:59)\n\tat io.appium.uiautomator2.server.AppiumServlet.handleRequest(AppiumServlet.java:267)\n\tat io.appium.uiautomator2.server.AppiumServlet.handleHttpRequest(AppiumServlet.java:261)\n\tat io.appium.uiautomator2.http.ServerHandler.channelRead(ServerHandler.java:68)\n\tat io.netty.channel.AbstractChannelHandlerContext.invokeChannelRead(AbstractChannelHandlerContext.java:366)\n\tat io.netty.channel.AbstractChannelHandlerContext.invokeChannelRead(AbstractChannelHandlerContext.java:352)\n\tat io.netty.chann...
[debug] &amp#27;[38;5;112m[W3C]&amp#27;[0m Matched W3C error code 'no such element' to NoSuchElementError
[debug] &amp#27;[38;5;32m[AndroidUiautomator2Driver@a7d5 (d2c9b10b)]&amp#27;[0m Waited for 6712 ms so far
[debug] &amp#27;[38;5;32m[AndroidUiautomator2Driver@a7d5 (d2c9b10b)]&amp#27;[0m Matched '/element' to command name 'findElement'
[debug] &amp#27;[38;5;32m[AndroidUiautomator2Driver@a7d5 (d2c9b10b)]&amp#27;[0m Proxying [POST /element] to [POST http://127.0.0.1:8200/session/e61cf805-309a-4eec-b589-0eea9f694bc2/element] with body: {"strategy":"id","selector":"android:id/text1","context":"","multiple":false}
&amp#27;[38;5;32m[AndroidUiautomator2Driver@a7d5 (d2c9b10b)]&amp#27;[0m Got response with status 404: {"sessionId":"e61cf805-309a-4eec-b589-0eea9f694bc2","value":{"error":"no such element","message":"An element could not be located on the page using the given search parameters","stacktrace":"io.appium.uiautomator2.common.exceptions.ElementNotFoundException: An element could not be located on the page using the given search parameters\n\tat io.appium.uiautomator2.handler.FindElement.safeHandle(FindElement.java:70)\n\tat io.appium.uiautomator2.handler.request.SafeRequestHandler.handle(SafeRequestHandler.java:59)\n\tat io.appium.uiautomator2.server.AppiumServlet.handleRequest(AppiumServlet.java:267)\n\tat io.appium.uiautomator2.server.AppiumServlet.handleHttpRequest(AppiumServlet.java:261)\n\tat io.appium.uiautomator2.http.ServerHandler.channelRead(ServerHandler.java:68)\n\tat io.netty.channel.AbstractChannelHandlerContext.invokeChannelRead(AbstractChannelHandlerContext.java:366)\n\tat io.netty.channel.AbstractChannelHandlerContext.invokeChannelRead(AbstractChannelHandlerContext.java:352)\n\tat io.netty.chann...
[debug] &amp#27;[38;5;112m[W3C]&amp#27;[0m Matched W3C error code 'no such element' to NoSuchElementError
[debug] &amp#27;[38;5;32m[AndroidUiautomator2Driver@a7d5 (d2c9b10b)]&amp#27;[0m Waited for 7372 ms so far
[debug] &amp#27;[38;5;32m[AndroidUiautomator2Driver@a7d5 (d2c9b10b)]&amp#27;[0m Matched '/element' to command name 'findElement'
[debug] &amp#27;[38;5;32m[AndroidUiautomator2Driver@a7d5 (d2c9b10b)]&amp#27;[0m Proxying [POST /element] to [POST http://127.0.0.1:8200/session/e61cf805-309a-4eec-b589-0eea9f694bc2/element] with body: {"strategy":"id","selector":"android:id/text1","context":"","multiple":false}
&amp#27;[38;5;32m[AndroidUiautomator2Driver@a7d5 (d2c9b10b)]&amp#27;[0m Got response with status 404: {"sessionId":"e61cf805-309a-4eec-b589-0eea9f694bc2","value":{"error":"no such element","message":"An element could not be located on the page using the given search parameters","stacktrace":"io.appium.uiautomator2.common.exceptions.ElementNotFoundException: An element could not be located on the page using the given search parameters\n\tat io.appium.uiautomator2.handler.FindElement.safeHandle(FindElement.java:70)\n\tat io.appium.uiautomator2.handler.request.SafeRequestHandler.handle(SafeRequestHandler.java:59)\n\tat io.appium.uiautomator2.server.AppiumServlet.handleRequest(AppiumServlet.java:267)\n\tat io.appium.uiautomator2.server.AppiumServlet.handleHttpRequest(AppiumServlet.java:261)\n\tat io.appium.uiautomator2.http.ServerHandler.channelRead(ServerHandler.java:68)\n\tat io.netty.channel.AbstractChannelHandlerContext.invokeChannelRead(AbstractChannelHandlerContext.java:366)\n\tat io.netty.channel.AbstractChannelHandlerContext.invokeChannelRead(AbstractChannelHandlerContext.java:352)\n\tat io.netty.chann...
[debug] &amp#27;[38;5;112m[W3C]&amp#27;[0m Matched W3C error code 'no such element' to NoSuchElementError
[debug] &amp#27;[38;5;32m[AndroidUiautomator2Driver@a7d5 (d2c9b10b)]&amp#27;[0m Waited for 8005 ms so far
[debug] &amp#27;[38;5;32m[AndroidUiautomator2Driver@a7d5 (d2c9b10b)]&amp#27;[0m Matched '/element' to command name 'findElement'
[debug] &amp#27;[38;5;32m[AndroidUiautomator2Driver@a7d5 (d2c9b10b)]&amp#27;[0m Proxying [POST /element] to [POST http://127.0.0.1:8200/session/e61cf805-309a-4eec-b589-0eea9f694bc2/element] with body: {"strategy":"id","selector":"android:id/text1","context":"","multiple":false}
&amp#27;[38;5;32m[AndroidUiautomator2Driver@a7d5 (d2c9b10b)]&amp#27;[0m Got response with status 404: {"sessionId":"e61cf805-309a-4eec-b589-0eea9f694bc2","value":{"error":"no such element","message":"An element could not be located on the page using the given search parameters","stacktrace":"io.appium.uiautomator2.common.exceptions.ElementNotFoundException: An element could not be located on the page using the given search parameters\n\tat io.appium.uiautomator2.handler.FindElement.safeHandle(FindElement.java:70)\n\tat io.appium.uiautomator2.handler.request.SafeRequestHandler.handle(SafeRequestHandler.java:59)\n\tat io.appium.uiautomator2.server.AppiumServlet.handleRequest(AppiumServlet.java:267)\n\tat io.appium.uiautomator2.server.AppiumServlet.handleHttpRequest(AppiumServlet.java:261)\n\tat io.appium.uiautomator2.http.ServerHandler.channelRead(ServerHandler.java:68)\n\tat io.netty.channel.AbstractChannelHandlerContext.invokeChannelRead(AbstractChannelHandlerContext.java:366)\n\tat io.netty.channel.AbstractChannelHandlerContext.invokeChannelRead(AbstractChannelHandlerContext.java:352)\n\tat io.netty.chann...
[debug] &amp#27;[38;5;112m[W3C]&amp#27;[0m Matched W3C error code 'no such element' to NoSuchElementError
[debug] &amp#27;[38;5;32m[AndroidUiautomator2Driver@a7d5 (d2c9b10b)]&amp#27;[0m Waited for 8623 ms so far
[debug] &amp#27;[38;5;32m[AndroidUiautomator2Driver@a7d5 (d2c9b10b)]&amp#27;[0m Matched '/element' to command name 'findElement'
[debug] &amp#27;[38;5;32m[AndroidUiautomator2Driver@a7d5 (d2c9b10b)]&amp#27;[0m Proxying [POST /element] to [POST http://127.0.0.1:8200/session/e61cf805-309a-4eec-b589-0eea9f694bc2/element] with body: {"strategy":"id","selector":"android:id/text1","context":"","multiple":false}
&amp#27;[38;5;32m[AndroidUiautomator2Driver@a7d5 (d2c9b10b)]&amp#27;[0m Got response with status 404: {"sessionId":"e61cf805-309a-4eec-b589-0eea9f694bc2","value":{"error":"no such element","message":"An element could not be located on the page using the given search parameters","stacktrace":"io.appium.uiautomator2.common.exceptions.ElementNotFoundException: An element could not be located on the page using the given search parameters\n\tat io.appium.uiautomator2.handler.FindElement.safeHandle(FindElement.java:70)\n\tat io.appium.uiautomator2.handler.request.SafeRequestHandler.handle(SafeRequestHandler.java:59)\n\tat io.appium.uiautomator2.server.AppiumServlet.handleRequest(AppiumServlet.java:267)\n\tat io.appium.uiautomator2.server.AppiumServlet.handleHttpRequest(AppiumServlet.java:261)\n\tat io.appium.uiautomator2.http.ServerHandler.channelRead(ServerHandler.java:68)\n\tat io.netty.channel.AbstractChannelHandlerContext.invokeChannelRead(AbstractChannelHandlerContext.java:366)\n\tat io.netty.channel.AbstractChannelHandlerContext.invokeChannelRead(AbstractChannelHandlerContext.java:352)\n\tat io.netty.chann...
[debug] &amp#27;[38;5;112m[W3C]&amp#27;[0m Matched W3C error code 'no such element' to NoSuchElementError
[debug] &amp#27;[38;5;32m[AndroidUiautomator2Driver@a7d5 (d2c9b10b)]&amp#27;[0m Waited for 9246 ms so far
[debug] &amp#27;[38;5;32m[AndroidUiautomator2Driver@a7d5 (d2c9b10b)]&amp#27;[0m Matched '/element' to command name 'findElement'
[debug] &amp#27;[38;5;32m[AndroidUiautomator2Driver@a7d5 (d2c9b10b)]&amp#27;[0m Proxying [POST /element] to [POST http://127.0.0.1:8200/session/e61cf805-309a-4eec-b589-0eea9f694bc2/element] with body: {"strategy":"id","selector":"android:id/text1","context":"","multiple":false}
&amp#27;[38;5;32m[AndroidUiautomator2Driver@a7d5 (d2c9b10b)]&amp#27;[0m Got response with status 404: {"sessionId":"e61cf805-309a-4eec-b589-0eea9f694bc2","value":{"error":"no such element","message":"An element could not be located on the page using the given search parameters","stacktrace":"io.appium.uiautomator2.common.exceptions.ElementNotFoundException: An element could not be located on the page using the given search parameters\n\tat io.appium.uiautomator2.handler.FindElement.safeHandle(FindElement.java:70)\n\tat io.appium.uiautomator2.handler.request.SafeRequestHandler.handle(SafeRequestHandler.java:59)\n\tat io.appium.uiautomator2.server.AppiumServlet.handleRequest(AppiumServlet.java:267)\n\tat io.appium.uiautomator2.server.AppiumServlet.handleHttpRequest(AppiumServlet.java:261)\n\tat io.appium.uiautomator2.http.ServerHandler.channelRead(ServerHandler.java:68)\n\tat io.netty.channel.AbstractChannelHandlerContext.invokeChannelRead(AbstractChannelHandlerContext.java:366)\n\tat io.netty.channel.AbstractChannelHandlerContext.invokeChannelRead(AbstractChannelHandlerContext.java:352)\n\tat io.netty.chann...
[debug] &amp#27;[38;5;112m[W3C]&amp#27;[0m Matched W3C error code 'no such element' to NoSuchElementError
[debug] &amp#27;[38;5;32m[AndroidUiautomator2Driver@a7d5 (d2c9b10b)]&amp#27;[0m Waited for 9860 ms so far
[debug] &amp#27;[38;5;32m[AndroidUiautomator2Driver@a7d5 (d2c9b10b)]&amp#27;[0m Matched '/element' to command name 'findElement'
[debug] &amp#27;[38;5;32m[AndroidUiautomator2Driver@a7d5 (d2c9b10b)]&amp#27;[0m Proxying [POST /element] to [POST http://127.0.0.1:8200/session/e61cf805-309a-4eec-b589-0eea9f694bc2/element] with body: {"strategy":"id","selector":"android:id/text1","context":"","multiple":false}
&amp#27;[38;5;32m[AndroidUiautomator2Driver@a7d5 (d2c9b10b)]&amp#27;[0m Got response with status 404: {"sessionId":"e61cf805-309a-4eec-b589-0eea9f694bc2","value":{"error":"no such element","message":"An element could not be located on the page using the given search parameters","stacktrace":"io.appium.uiautomator2.common.exceptions.ElementNotFoundException: An element could not be located on the page using the given search parameters\n\tat io.appium.uiautomator2.handler.FindElement.safeHandle(FindElement.java:70)\n\tat io.appium.uiautomator2.handler.request.SafeRequestHandler.handle(SafeRequestHandler.java:59)\n\tat io.appium.uiautomator2.server.AppiumServlet.handleRequest(AppiumServlet.java:267)\n\tat io.appium.uiautomator2.server.AppiumServlet.handleHttpRequest(AppiumServlet.java:261)\n\tat io.appium.uiautomator2.http.ServerHandler.channelRead(ServerHandler.java:68)\n\tat io.netty.channel.AbstractChannelHandlerContext.invokeChannelRead(AbstractChannelHandlerContext.java:366)\n\tat io.netty.channel.AbstractChannelHandlerContext.invokeChannelRead(AbstractChannelHandlerContext.java:352)\n\tat io.netty.chann...
[debug] &amp#27;[38;5;112m[W3C]&amp#27;[0m Matched W3C error code 'no such element' to NoSuchElementError
[debug] &amp#27;[38;5;32m[AndroidUiautomator2Driver@a7d5 (d2c9b10b)]&amp#27;[0m Waited for 11445 ms so far
[debug] &amp#27;[38;5;32m[AndroidUiautomator2Driver@a7d5 (d2c9b10b)]&amp#27;[0m Matched '/element' to command name 'findElement'
[debug] &amp#27;[38;5;32m[AndroidUiautomator2Driver@a7d5 (d2c9b10b)]&amp#27;[0m Proxying [POST /element] to [POST http://127.0.0.1:8200/session/e61cf805-309a-4eec-b589-0eea9f694bc2/element] with body: {"strategy":"id","selector":"android:id/text1","context":"","multiple":false}
&amp#27;[38;5;32m[AndroidUiautomator2Driver@a7d5 (d2c9b10b)]&amp#27;[0m Got response with status 404: {"sessionId":"e61cf805-309a-4eec-b589-0eea9f694bc2","value":{"error":"no such element","message":"An element could not be located on the page using the given search parameters","stacktrace":"io.appium.uiautomator2.common.exceptions.ElementNotFoundException: An element could not be located on the page using the given search parameters\n\tat io.appium.uiautomator2.handler.FindElement.safeHandle(FindElement.java:70)\n\tat io.appium.uiautomator2.handler.request.SafeRequestHandler.handle(SafeRequestHandler.java:59)\n\tat io.appium.uiautomator2.server.AppiumServlet.handleRequest(AppiumServlet.java:267)\n\tat io.appium.uiautomator2.server.AppiumServlet.handleHttpRequest(AppiumServlet.java:261)\n\tat io.appium.uiautomator2.http.ServerHandler.channelRead(ServerHandler.java:68)\n\tat io.netty.channel.AbstractChannelHandlerContext.invokeChannelRead(AbstractChannelHandlerContext.java:366)\n\tat io.netty.channel.AbstractChannelHandlerContext.invokeChannelRead(AbstractChannelHandlerContext.java:352)\n\tat io.netty.chann...
[debug] &amp#27;[38;5;112m[W3C]&amp#27;[0m Matched W3C error code 'no such element' to NoSuchElementError
[debug] &amp#27;[38;5;32m[AndroidUiautomator2Driver@a7d5 (d2c9b10b)]&amp#27;[0m Waited for 12004 ms so far
[debug] &amp#27;[38;5;32m[AndroidUiautomator2Driver@a7d5 (d2c9b10b)]&amp#27;[0m Matched '/element' to command name 'findElement'
[debug] &amp#27;[38;5;32m[AndroidUiautomator2Driver@a7d5 (d2c9b10b)]&amp#27;[0m Proxying [POST /element] to [POST http://127.0.0.1:8200/session/e61cf805-309a-4eec-b589-0eea9f694bc2/element] with body: {"strategy":"id","selector":"android:id/text1","context":"","multiple":false}
&amp#27;[38;5;32m[AndroidUiautomator2Driver@a7d5 (d2c9b10b)]&amp#27;[0m Got response with status 404: {"sessionId":"e61cf805-309a-4eec-b589-0eea9f694bc2","value":{"error":"no such element","message":"An element could not be located on the page using the given search parameters","stacktrace":"io.appium.uiautomator2.common.exceptions.ElementNotFoundException: An element could not be located on the page using the given search parameters\n\tat io.appium.uiautomator2.handler.FindElement.safeHandle(FindElement.java:70)\n\tat io.appium.uiautomator2.handler.request.SafeRequestHandler.handle(SafeRequestHandler.java:59)\n\tat io.appium.uiautomator2.server.AppiumServlet.handleRequest(AppiumServlet.java:267)\n\tat io.appium.uiautomator2.server.AppiumServlet.handleHttpRequest(AppiumServlet.java:261)\n\tat io.appium.uiautomator2.http.ServerHandler.channelRead(ServerHandler.java:68)\n\tat io.netty.channel.AbstractChannelHandlerContext.invokeChannelRead(AbstractChannelHandlerContext.java:366)\n\tat io.netty.channel.AbstractChannelHandlerContext.invokeChannelRead(AbstractChannelHandlerContext.java:352)\n\tat io.netty.chann...
[debug] &amp#27;[38;5;112m[W3C]&amp#27;[0m Matched W3C error code 'no such element' to NoSuchElementError
[debug] &amp#27;[38;5;32m[AndroidUiautomator2Driver@a7d5 (d2c9b10b)]&amp#27;[0m Waited for 12600 ms so far
[debug] &amp#27;[38;5;32m[AndroidUiautomator2Driver@a7d5 (d2c9b10b)]&amp#27;[0m Matched '/element' to command name 'findElement'
[debug] &amp#27;[38;5;32m[AndroidUiautomator2Driver@a7d5 (d2c9b10b)]&amp#27;[0m Proxying [POST /element] to [POST http://127.0.0.1:8200/session/e61cf805-309a-4eec-b589-0eea9f694bc2/element] with body: {"strategy":"id","selector":"android:id/text1","context":"","multiple":false}
&amp#27;[38;5;32m[AndroidUiautomator2Driver@a7d5 (d2c9b10b)]&amp#27;[0m Got response with status 404: {"sessionId":"e61cf805-309a-4eec-b589-0eea9f694bc2","value":{"error":"no such element","message":"An element could not be located on the page using the given search parameters","stacktrace":"io.appium.uiautomator2.common.exceptions.ElementNotFoundException: An element could not be located on the page using the given search parameters\n\tat io.appium.uiautomator2.handler.FindElement.safeHandle(FindElement.java:70)\n\tat io.appium.uiautomator2.handler.request.SafeRequestHandler.handle(SafeRequestHandler.java:59)\n\tat io.appium.uiautomator2.server.AppiumServlet.handleRequest(AppiumServlet.java:267)\n\tat io.appium.uiautomator2.server.AppiumServlet.handleHttpRequest(AppiumServlet.java:261)\n\tat io.appium.uiautomator2.http.ServerHandler.channelRead(ServerHandler.java:68)\n\tat io.netty.channel.AbstractChannelHandlerContext.invokeChannelRead(AbstractChannelHandlerContext.java:366)\n\tat io.netty.channel.AbstractChannelHandlerContext.invokeChannelRead(AbstractChannelHandlerContext.java:352)\n\tat io.netty.chann...
[debug] &amp#27;[38;5;112m[W3C]&amp#27;[0m Matched W3C error code 'no such element' to NoSuchElementError
[debug] &amp#27;[38;5;32m[AndroidUiautomator2Driver@a7d5 (d2c9b10b)]&amp#27;[0m Waited for 13205 ms so far
[debug] &amp#27;[38;5;32m[AndroidUiautomator2Driver@a7d5 (d2c9b10b)]&amp#27;[0m Matched '/element' to command name 'findElement'
[debug] &amp#27;[38;5;32m[AndroidUiautomator2Driver@a7d5 (d2c9b10b)]&amp#27;[0m Proxying [POST /element] to [POST http://127.0.0.1:8200/session/e61cf805-309a-4eec-b589-0eea9f694bc2/element] with body: {"strategy":"id","selector":"android:id/text1","context":"","multiple":false}
&amp#27;[38;5;32m[AndroidUiautomator2Driver@a7d5 (d2c9b10b)]&amp#27;[0m Got response with status 404: {"sessionId":"e61cf805-309a-4eec-b589-0eea9f694bc2","value":{"error":"no such element","message":"An element could not be located on the page using the given search parameters","stacktrace":"io.appium.uiautomator2.common.exceptions.ElementNotFoundException: An element could not be located on the page using the given search parameters\n\tat io.appium.uiautomator2.handler.FindElement.safeHandle(FindElement.java:70)\n\tat io.appium.uiautomator2.handler.request.SafeRequestHandler.handle(SafeRequestHandler.java:59)\n\tat io.appium.uiautomator2.server.AppiumServlet.handleRequest(AppiumServlet.java:267)\n\tat io.appium.uiautomator2.server.AppiumServlet.handleHttpRequest(AppiumServlet.java:261)\n\tat io.appium.uiautomator2.http.ServerHandler.channelRead(ServerHandler.java:68)\n\tat io.netty.channel.AbstractChannelHandlerContext.invokeChannelRead(AbstractChannelHandlerContext.java:366)\n\tat io.netty.channel.AbstractChannelHandlerContext.invokeChannelRead(AbstractChannelHandlerContext.java:352)\n\tat io.netty.chann...
[debug] &amp#27;[38;5;112m[W3C]&amp#27;[0m Matched W3C error code 'no such element' to NoSuchElementError
[debug] &amp#27;[38;5;32m[AndroidUiautomator2Driver@a7d5 (d2c9b10b)]&amp#27;[0m Waited for 14033 ms so far
[debug] &amp#27;[38;5;32m[AndroidUiautomator2Driver@a7d5 (d2c9b10b)]&amp#27;[0m Matched '/element' to command name 'findElement'
[debug] &amp#27;[38;5;32m[AndroidUiautomator2Driver@a7d5 (d2c9b10b)]&amp#27;[0m Proxying [POST /element] to [POST http://127.0.0.1:8200/session/e61cf805-309a-4eec-b589-0eea9f694bc2/element] with body: {"strategy":"id","selector":"android:id/text1","context":"","multiple":false}
[debug] &amp#27;[38;5;32m[AndroidUiautomator2Driver@a7d5 (d2c9b10b)]&amp#27;[0m Got response with status 200: {"sessionId":"e61cf805-309a-4eec-b589-0eea9f694bc2","value":{"ELEMENT":"00000000-0000-075e-ffff-ffff0000001d","element-6066-11e4-a52e-4f735466cecf":"00000000-0000-075e-ffff-ffff0000001d"}}
[debug] &amp#27;[38;5;32m[AndroidUiautomator2Driver@a7d5 (d2c9b10b)]&amp#27;[0m Responding to client with driver.findElement() result: {"element-6066-11e4-a52e-4f735466cecf":"00000000-0000-075e-ffff-ffff0000001d","ELEMENT":"00000000-0000-075e-ffff-ffff0000001d"}
&amp#27;[38;5;0m[HTTP]&amp#27;[0m &amp#27;[37m<-- POST /session/d2c9b10b-c037-4b64-8bdf-6ffcf3513fc6/element &amp#27;[39m&amp#27;[32m200&amp#27;[39m &amp#27;[90m15738 ms - 137&amp#27;[39m
&amp#27;[38;5;0m[HTTP]&amp#27;[0m &amp#27;[90m&amp#27;[39m
&amp#27;[38;5;0m[HTTP]&amp#27;[0m &amp#27;[37m-->&amp#27;[39m &amp#27;[37mPOST&amp#27;[39m &amp#27;[37m/session/d2c9b10b-c037-4b64-8bdf-6ffcf3513fc6/element/00000000-0000-075e-ffff-ffff0000001d/click&amp#27;[39m
&amp#27;[38;5;0m[HTTP]&amp#27;[0m &amp#27;[90m{"id":"00000000-0000-075e-ffff-ffff0000001d"}&amp#27;[39m
[debug] &amp#27;[38;5;32m[AndroidUiautomator2Driver@a7d5 (d2c9b10b)]&amp#27;[0m Calling AppiumDriver.click() with args: ["00000000-0000-075e-ffff-ffff0000001d","d2c9b10b-c037-4b64-8bdf-6ffcf3513fc6"]
[debug] &amp#27;[38;5;32m[AndroidUiautomator2Driver@a7d5 (d2c9b10b)]&amp#27;[0m Matched '/element/00000000-0000-075e-ffff-ffff0000001d/click' to command name 'click'
[debug] &amp#27;[38;5;32m[AndroidUiautomator2Driver@a7d5 (d2c9b10b)]&amp#27;[0m Proxying [POST /element/00000000-0000-075e-ffff-ffff0000001d/click] to [POST http://127.0.0.1:8200/session/e61cf805-309a-4eec-b589-0eea9f694bc2/element/00000000-0000-075e-ffff-ffff0000001d/click] with body: {"element":"00000000-0000-075e-ffff-ffff0000001d"}
[debug] &amp#27;[38;5;32m[AndroidUiautomator2Driver@a7d5 (d2c9b10b)]&amp#27;[0m Got response with status 200: {"sessionId":"e61cf805-309a-4eec-b589-0eea9f694bc2","value":null}
[debug] &amp#27;[38;5;32m[AndroidUiautomator2Driver@a7d5 (d2c9b10b)]&amp#27;[0m Responding to client with driver.click() result: null
&amp#27;[38;5;0m[HTTP]&amp#27;[0m &amp#27;[37m<-- POST /session/d2c9b10b-c037-4b64-8bdf-6ffcf3513fc6/element/00000000-0000-075e-ffff-ffff0000001d/click &amp#27;[39m&amp#27;[32m200&amp#27;[39m &amp#27;[90m109 ms - 14&amp#27;[39m
&amp#27;[38;5;0m[HTTP]&amp#27;[0m &amp#27;[90m&amp#27;[39m
&amp#27;[38;5;0m[HTTP]&amp#27;[0m &amp#27;[37m-->&amp#27;[39m &amp#27;[37mPOST&amp#27;[39m &amp#27;[37m/session/d2c9b10b-c037-4b64-8bdf-6ffcf3513fc6/element&amp#27;[39m
&amp#27;[38;5;0m[HTTP]&amp#27;[0m &amp#27;[90m{"using":"-android uiautomator","value":"new UiScrollable(new UiSelector()).scrollIntoView(text(\"India\"));"}&amp#27;[39m
[debug] &amp#27;[38;5;32m[AndroidUiautomator2Driver@a7d5 (d2c9b10b)]&amp#27;[0m Calling AppiumDriver.findElement() with args: ["-android uiautomator","new UiScrollable(new UiSelector()).scrollIntoView(text(\"India\"));","d2c9b10b-c037-4b64-8bdf-6ffcf3513fc6"]
[debug] &amp#27;[38;5;32m[AndroidUiautomator2Driver@a7d5 (d2c9b10b)]&amp#27;[0m Valid locator strategies for this request: xpath, id, class name, accessibility id, css selector, -android uiautomator
[debug] &amp#27;[38;5;32m[AndroidUiautomator2Driver@a7d5 (d2c9b10b)]&amp#27;[0m Waiting up to 20000 ms for condition
[debug] &amp#27;[38;5;32m[AndroidUiautomator2Driver@a7d5 (d2c9b10b)]&amp#27;[0m Matched '/element' to command name 'findElement'
[debug] &amp#27;[38;5;32m[AndroidUiautomator2Driver@a7d5 (d2c9b10b)]&amp#27;[0m Proxying [POST /element] to [POST http://127.0.0.1:8200/session/e61cf805-309a-4eec-b589-0eea9f694bc2/element] with body: {"strategy":"-android uiautomator","selector":"new UiScrollable(new UiSelector()).scrollIntoView(text(\"India\"));","context":"","multiple":false}
[debug] &amp#27;[38;5;32m[AndroidUiautomator2Driver@a7d5 (d2c9b10b)]&amp#27;[0m Got response with status 200: {"sessionId":"e61cf805-309a-4eec-b589-0eea9f694bc2","value":{"ELEMENT":"00000000-0000-075f-ffff-ffff00000027","element-6066-11e4-a52e-4f735466cecf":"00000000-0000-075f-ffff-ffff00000027"}}
[debug] &amp#27;[38;5;32m[AndroidUiautomator2Driver@a7d5 (d2c9b10b)]&amp#27;[0m Responding to client with driver.findElement() result: {"element-6066-11e4-a52e-4f735466cecf":"00000000-0000-075f-ffff-ffff00000027","ELEMENT":"00000000-0000-075f-ffff-ffff00000027"}
&amp#27;[38;5;0m[HTTP]&amp#27;[0m &amp#27;[37m<-- POST /session/d2c9b10b-c037-4b64-8bdf-6ffcf3513fc6/element &amp#27;[39m&amp#27;[32m200&amp#27;[39m &amp#27;[90m38635 ms - 137&amp#27;[39m
&amp#27;[38;5;0m[HTTP]&amp#27;[0m &amp#27;[90m&amp#27;[39m
&amp#27;[38;5;0m[HTTP]&amp#27;[0m &amp#27;[37m-->&amp#27;[39m &amp#27;[37mPOST&amp#27;[39m &amp#27;[37m/session/d2c9b10b-c037-4b64-8bdf-6ffcf3513fc6/element&amp#27;[39m
&amp#27;[38;5;0m[HTTP]&amp#27;[0m &amp#27;[90m{"using":"xpath","value":"//android.widget.TextView[@text='India']"}&amp#27;[39m
[debug] &amp#27;[38;5;32m[AndroidUiautomator2Driver@a7d5 (d2c9b10b)]&amp#27;[0m Calling AppiumDriver.findElement() with args: ["xpath","//android.widget.TextView[@text='India']","d2c9b10b-c037-4b64-8bdf-6ffcf3513fc6"]
[debug] &amp#27;[38;5;32m[AndroidUiautomator2Driver@a7d5 (d2c9b10b)]&amp#27;[0m Valid locator strategies for this request: xpath, id, class name, accessibility id, css selector, -android uiautomator
[debug] &amp#27;[38;5;32m[AndroidUiautomator2Driver@a7d5 (d2c9b10b)]&amp#27;[0m Waiting up to 20000 ms for condition
[debug] &amp#27;[38;5;32m[AndroidUiautomator2Driver@a7d5 (d2c9b10b)]&amp#27;[0m Matched '/element' to command name 'findElement'
[debug] &amp#27;[38;5;32m[AndroidUiautomator2Driver@a7d5 (d2c9b10b)]&amp#27;[0m Proxying [POST /element] to [POST http://127.0.0.1:8200/session/e61cf805-309a-4eec-b589-0eea9f694bc2/element] with body: {"strategy":"xpath","selector":"//android.widget.TextView[@text='India']","context":"","multiple":false}
[debug] &amp#27;[38;5;32m[AndroidUiautomator2Driver@a7d5 (d2c9b10b)]&amp#27;[0m Got response with status 200: {"sessionId":"e61cf805-309a-4eec-b589-0eea9f694bc2","value":{"ELEMENT":"00000000-0000-075f-ffff-ffff00000027","element-6066-11e4-a52e-4f735466cecf":"00000000-0000-075f-ffff-ffff00000027"}}
[debug] &amp#27;[38;5;32m[AndroidUiautomator2Driver@a7d5 (d2c9b10b)]&amp#27;[0m Responding to client with driver.findElement() result: {"element-6066-11e4-a52e-4f735466cecf":"00000000-0000-075f-ffff-ffff00000027","ELEMENT":"00000000-0000-075f-ffff-ffff00000027"}
&amp#27;[38;5;0m[HTTP]&amp#27;[0m &amp#27;[37m<-- POST /session/d2c9b10b-c037-4b64-8bdf-6ffcf3513fc6/element &amp#27;[39m&amp#27;[32m200&amp#27;[39m &amp#27;[90m1483 ms - 137&amp#27;[39m
&amp#27;[38;5;0m[HTTP]&amp#27;[0m &amp#27;[90m&amp#27;[39m
&amp#27;[38;5;0m[HTTP]&amp#27;[0m &amp#27;[37m-->&amp#27;[39m &amp#27;[37mPOST&amp#27;[39m &amp#27;[37m/session/d2c9b10b-c037-4b64-8bdf-6ffcf3513fc6/element/00000000-0000-075f-ffff-ffff00000027/click&amp#27;[39m
&amp#27;[38;5;0m[HTTP]&amp#27;[0m &amp#27;[90m{"id":"00000000-0000-075f-ffff-ffff00000027"}&amp#27;[39m
[debug] &amp#27;[38;5;32m[AndroidUiautomator2Driver@a7d5 (d2c9b10b)]&amp#27;[0m Calling AppiumDriver.click() with args: ["00000000-0000-075f-ffff-ffff00000027","d2c9b10b-c037-4b64-8bdf-6ffcf3513fc6"]
[debug] &amp#27;[38;5;32m[AndroidUiautomator2Driver@a7d5 (d2c9b10b)]&amp#27;[0m Matched '/element/00000000-0000-075f-ffff-ffff00000027/click' to command name 'click'
[debug] &amp#27;[38;5;32m[AndroidUiautomator2Driver@a7d5 (d2c9b10b)]&amp#27;[0m Proxying [POST /element/00000000-0000-075f-ffff-ffff00000027/click] to [POST http://127.0.0.1:8200/session/e61cf805-309a-4eec-b589-0eea9f694bc2/element/00000000-0000-075f-ffff-ffff00000027/click] with body: {"element":"00000000-0000-075f-ffff-ffff00000027"}
[debug] &amp#27;[38;5;32m[AndroidUiautomator2Driver@a7d5 (d2c9b10b)]&amp#27;[0m Got response with status 200: {"sessionId":"e61cf805-309a-4eec-b589-0eea9f694bc2","value":null}
[debug] &amp#27;[38;5;32m[AndroidUiautomator2Driver@a7d5 (d2c9b10b)]&amp#27;[0m Responding to client with driver.click() result: null
&amp#27;[38;5;0m[HTTP]&amp#27;[0m &amp#27;[37m<-- POST /session/d2c9b10b-c037-4b64-8bdf-6ffcf3513fc6/element/00000000-0000-075f-ffff-ffff00000027/click &amp#27;[39m&amp#27;[32m200&amp#27;[39m &amp#27;[90m778 ms - 14&amp#27;[39m
&amp#27;[38;5;0m[HTTP]&amp#27;[0m &amp#27;[90m&amp#27;[39m
&amp#27;[38;5;0m[HTTP]&amp#27;[0m &amp#27;[37m-->&amp#27;[39m &amp#27;[37mGET&amp#27;[39m &amp#27;[37m/session/d2c9b10b-c037-4b64-8bdf-6ffcf3513fc6/context&amp#27;[39m
&amp#27;[38;5;0m[HTTP]&amp#27;[0m &amp#27;[90m{}&amp#27;[39m
[debug] &amp#27;[38;5;32m[AndroidUiautomator2Driver@a7d5 (d2c9b10b)]&amp#27;[0m Calling AppiumDriver.getCurrentContext() with args: ["d2c9b10b-c037-4b64-8bdf-6ffcf3513fc6"]
[debug] &amp#27;[38;5;32m[AndroidUiautomator2Driver@a7d5 (d2c9b10b)]&amp#27;[0m Responding to client with driver.getCurrentContext() result: "NATIVE_APP"
&amp#27;[38;5;0m[HTTP]&amp#27;[0m &amp#27;[37m<-- GET /session/d2c9b10b-c037-4b64-8bdf-6ffcf3513fc6/context &amp#27;[39m&amp#27;[32m200&amp#27;[39m &amp#27;[90m18 ms - 22&amp#27;[39m
&amp#27;[38;5;0m[HTTP]&amp#27;[0m &amp#27;[90m&amp#27;[39m
&amp#27;[38;5;0m[HTTP]&amp#27;[0m &amp#27;[37m-->&amp#27;[39m &amp#27;[37mPOST&amp#27;[39m &amp#27;[37m/session/d2c9b10b-c037-4b64-8bdf-6ffcf3513fc6/element&amp#27;[39m
&amp#27;[38;5;0m[HTTP]&amp#27;[0m &amp#27;[90m{"using":"xpath","value":"//android.widget.RadioButton[@resource-id='com.androidsample.generalstore:id/radioMale']"}&amp#27;[39m
[debug] &amp#27;[38;5;32m[AndroidUiautomator2Driver@a7d5 (d2c9b10b)]&amp#27;[0m Calling AppiumDriver.findElement() with args: ["xpath","//android.widget.RadioButton[@resource-id='com.androidsample.generalstore:id/radioMale']","d2c9b10b-c037-4b64-8bdf-6ffcf3513fc6"]
[debug] &amp#27;[38;5;32m[AndroidUiautomator2Driver@a7d5 (d2c9b10b)]&amp#27;[0m Valid locator strategies for this request: xpath, id, class name, accessibility id, css selector, -android uiautomator
[debug] &amp#27;[38;5;32m[AndroidUiautomator2Driver@a7d5 (d2c9b10b)]&amp#27;[0m Waiting up to 20000 ms for condition
[debug] &amp#27;[38;5;32m[AndroidUiautomator2Driver@a7d5 (d2c9b10b)]&amp#27;[0m Matched '/element' to command name 'findElement'
[debug] &amp#27;[38;5;32m[AndroidUiautomator2Driver@a7d5 (d2c9b10b)]&amp#27;[0m Proxying [POST /element] to [POST http://127.0.0.1:8200/session/e61cf805-309a-4eec-b589-0eea9f694bc2/element] with body: {"strategy":"xpath","selector":"//android.widget.RadioButton[@resource-id='com.androidsample.generalstore:id/radioMale']","context":"","multiple":false}
[debug] &amp#27;[38;5;32m[AndroidUiautomator2Driver@a7d5 (d2c9b10b)]&amp#27;[0m Got response with status 200: {"sessionId":"e61cf805-309a-4eec-b589-0eea9f694bc2","value":{"ELEMENT":"00000000-0000-075e-ffff-ffff0000001e","element-6066-11e4-a52e-4f735466cecf":"00000000-0000-075e-ffff-ffff0000001e"}}
[debug] &amp#27;[38;5;32m[AndroidUiautomator2Driver@a7d5 (d2c9b10b)]&amp#27;[0m Responding to client with driver.findElement() result: {"element-6066-11e4-a52e-4f735466cecf":"00000000-0000-075e-ffff-ffff0000001e","ELEMENT":"00000000-0000-075e-ffff-ffff0000001e"}
&amp#27;[38;5;0m[HTTP]&amp#27;[0m &amp#27;[37m<-- POST /session/d2c9b10b-c037-4b64-8bdf-6ffcf3513fc6/element &amp#27;[39m&amp#27;[32m200&amp#27;[39m &amp#27;[90m326 ms - 137&amp#27;[39m
&amp#27;[38;5;0m[HTTP]&amp#27;[0m &amp#27;[90m&amp#27;[39m
[...]
[debug] &amp#27;[38;5;32m[AndroidUiautomator2Driver@a7d5 (d2c9b10b)]&amp#27;[0m Responding to client with driver.findElement() result: {"element-6066-11e4-a52e-4f735466cecf":"00000000-0000-0761-ffff-ffff00000031","ELEMENT":"00000000-0000-0761-ffff-ffff00000031"}
&amp#27;[38;5;0m[HTTP]&amp#27;[0m &amp#27;[37m<-- POST /session/d2c9b10b-c037-4b64-8bdf-6ffcf3513fc6/element &amp#27;[39m&amp#27;[32m200&amp#27;[39m &amp#27;[90m1022 ms - 137&amp#27;[39m
&amp#27;[38;5;0m[HTTP]&amp#27;[0m &amp#27;[90m&amp#27;[39m
&amp#27;[38;5;0m[HTTP]&amp#27;[0m &amp#27;[37m-->&amp#27;[39m &amp#27;[37mPOST&amp#27;[39m &amp#27;[37m/session/d2c9b10b-c037-4b64-8bdf-6ffcf3513fc6/element&amp#27;[39m
&amp#27;[38;5;0m[HTTP]&amp#27;[0m &amp#27;[90m{"using":"xpath","value":"//android.widget.TextView[@text='India']"}&amp#27;[39m
[debug] &amp#27;[38;5;32m[AndroidUiautomator2Driver@a7d5 (d2c9b10b)]&amp#27;[0m Calling AppiumDriver.findElement() with args: ["xpath","//android.widget.TextView[@text='India']","d2c9b10b-c037-4b64-8bdf-6ffcf3513fc6"]
[debug] &amp#27;[38;5;32m[AndroidUiautomator2Driver@a7d5 (d2c9b10b)]&amp#27;[0m Valid locator strategies for this request: xpath, id, class name, accessibility id, css selector, -android uiautomator
[debug] &amp#27;[38;5;32m[AndroidUiautomator2Driver@a7d5 (d2c9b10b)]&amp#27;[0m Waiting up to 20000 ms for condition
[debug] &amp#27;[38;5;32m[AndroidUiautomator2Driver@a7d5 (d2c9b10b)]&amp#27;[0m Matched '/element' to command name 'findElement'
[debug] &amp#27;[38;5;32m[AndroidUiautomator2Driver@a7d5 (d2c9b10b)]&amp#27;[0m Proxying [POST /element] to [POST http://127.0.0.1:8200/session/e61cf805-309a-4eec-b589-0eea9f694bc2/element] with body: {"strategy":"xpath","selector":"//android.widget.TextView[@text='India']","context":"","multiple":false}
[debug] &amp#27;[38;5;32m[AndroidUiautomator2Driver@a7d5 (d2c9b10b)]&amp#27;[0m Got response with status 200: {"sessionId":"e61cf805-309a-4eec-b589-0eea9f694bc2","value":{"ELEMENT":"00000000-0000-0761-ffff-ffff00000031","element-6066-11e4-a52e-4f735466cecf":"00000000-0000-0761-ffff-ffff00000031"}}
[debug] &amp#27;[38;5;32m[AndroidUiautomator2Driver@a7d5 (d2c9b10b)]&amp#27;[0m Responding to client with driver.findElement() result: {"element-6066-11e4-a52e-4f735466cecf":"00000000-0000-0761-ffff-ffff00000031","ELEMENT":"00000000-0000-0761-ffff-ffff00000031"}
&amp#27;[38;5;0m[HTTP]&amp#27;[0m &amp#27;[37m<-- POST /session/d2c9b10b-c037-4b64-8bdf-6ffcf3513fc6/element &amp#27;[39m&amp#27;[32m200&amp#27;[39m &amp#27;[90m235 ms - 137&amp#27;[39m
&amp#27;[38;5;0m[HTTP]&amp#27;[0m &amp#27;[90m&amp#27;[39m
&amp#27;[38;5;0m[HTTP]&amp#27;[0m &amp#27;[37m-->&amp#27;[39m &amp#27;[37mPOST&amp#27;[39m &amp#27;[37m/session/d2c9b10b-c037-4b64-8bdf-6ffcf3513fc6/element/00000000-0000-0761-ffff-ffff00000031/click&amp#27;[39m
&amp#27;[38;5;0m[HTTP]&amp#27;[0m &amp#27;[90m{"id":"00000000-0000-0761-ffff-ffff00000031"}&amp#27;[39m
[debug] &amp#27;[38;5;32m[AndroidUiautomator2Driver@a7d5 (d2c9b10b)]&amp#27;[0m Calling AppiumDriver.click() with args: ["00000000-0000-0761-ffff-ffff00000031","d2c9b10b-c037-4b64-8bdf-6ffcf3513fc6"]
[debug] &amp#27;[38;5;32m[AndroidUiautomator2Driver@a7d5 (d2c9b10b)]&amp#27;[0m Matched '/element/00000000-0000-0761-ffff-ffff00000031/click' to command name 'click'
[debug] &amp#27;[38;5;32m[AndroidUiautomator2Driver@a7d5 (d2c9b10b)]&amp#27;[0m Proxying [POST /element/00000000-0000-0761-ffff-ffff00000031/click] to [POST http://127.0.0.1:8200/session/e61cf805-309a-4eec-b589-0eea9f694bc2/element/00000000-0000-0761-ffff-ffff00000031/click] with body: {"element":"00000000-0000-0761-ffff-ffff00000031"}
[debug] &amp#27;[38;5;32m[AndroidUiautomator2Driver@a7d5 (d2c9b10b)]&amp#27;[0m Got response with status 200: {"sessionId":"e61cf805-309a-4eec-b589-0eea9f694bc2","value":null}
[debug] &amp#27;[38;5;32m[AndroidUiautomator2Driver@a7d5 (d2c9b10b)]&amp#27;[0m Responding to client with driver.click() result: null
&amp#27;[38;5;0m[HTTP]&amp#27;[0m &amp#27;[37m<-- POST /session/d2c9b10b-c037-4b64-8bdf-6ffcf3513fc6/element/00000000-0000-0761-ffff-ffff00000031/click &amp#27;[39m&amp#27;[32m200&amp#27;[39m &amp#27;[90m749 ms - 14&amp#27;[39m
&amp#27;[38;5;0m[HTTP]&amp#27;[0m &amp#27;[90m&amp#27;[39m
&amp#27;[38;5;0m[HTTP]&amp#27;[0m &amp#27;[37m-->&amp#27;[39m &amp#27;[37mGET&amp#27;[39m &amp#27;[37m/session/d2c9b10b-c037-4b64-8bdf-6ffcf3513fc6/context&amp#27;[39m
&amp#27;[38;5;0m[HTTP]&amp#27;[0m &amp#27;[90m{}&amp#27;[39m
[debug] &amp#27;[38;5;32m[AndroidUiautomator2Driver@a7d5 (d2c9b10b)]&amp#27;[0m Calling AppiumDriver.getCurrentContext() with args: ["d2c9b10b-c037-4b64-8bdf-6ffcf3513fc6"]
[debug] &amp#27;[38;5;32m[AndroidUiautomator2Driver@a7d5 (d2c9b10b)]&amp#27;[0m Responding to client with driver.getCurrentContext() result: "NATIVE_APP"
&amp#27;[38;5;0m[HTTP]&amp#27;[0m &amp#27;[37m<-- GET /session/d2c9b10b-c037-4b64-8bdf-6ffcf3513fc6/context &amp#27;[39m&amp#27;[32m200&amp#27;[39m &amp#27;[90m4 ms - 22&amp#27;[39m
&amp#27;[38;5;0m[HTTP]&amp#27;[0m &amp#27;[90m&amp#27;[39m
&amp#27;[38;5;0m[HTTP]&amp#27;[0m &amp#27;[37m-->&amp#27;[39m &amp#27;[37mPOST&amp#27;[39m &amp#27;[37m/session/d2c9b10b-c037-4b64-8bdf-6ffcf3513fc6/element&amp#27;[39m
&amp#27;[38;5;0m[HTTP]&amp#27;[0m &amp#27;[90m{"using":"xpath","value":"//android.widget.EditText[@resource-id='com.androidsample.generalstore:id/nameField']"}&amp#27;[39m
[debug] &amp#27;[38;5;32m[AndroidUiautomator2Driver@a7d5 (d2c9b10b)]&amp#27;[0m Calling AppiumDriver.findElement() with args: ["xpath","//android.widget.EditText[@resource-id='com.androidsample.generalstore:id/nameField']","d2c9b10b-c037-4b64-8bdf-6ffcf3513fc6"]
[debug] &amp#27;[38;5;32m[AndroidUiautomator2Driver@a7d5 (d2c9b10b)]&amp#27;[0m Valid locator strategies for this request: xpath, id, class name, accessibility id, css selector, -android uiautomator
[debug] &amp#27;[38;5;32m[AndroidUiautomator2Driver@a7d5 (d2c9b10b)]&amp#27;[0m Waiting up to 20000 ms for condition
[debug] &amp#27;[38;5;32m[AndroidUiautomator2Driver@a7d5 (d2c9b10b)]&amp#27;[0m Matched '/element' to command name 'findElement'
[debug] &amp#27;[38;5;32m[AndroidUiautomator2Driver@a7d5 (d2c9b10b)]&amp#27;[0m Proxying [POST /element] to [POST http://127.0.0.1:8200/session/e61cf805-309a-4eec-b589-0eea9f694bc2/element] with body: {"strategy":"xpath","selector":"//android.widget.EditText[@resource-id='com.androidsample.generalstore:id/nameField']","context":"","multiple":false}
[debug] &amp#27;[38;5;32m[AndroidUiautomator2Driver@a7d5 (d2c9b10b)]&amp#27;[0m Got response with status 200: {"sessionId":"e61cf805-309a-4eec-b589-0eea9f694bc2","value":{"ELEMENT":"00000000-0000-075e-ffff-ffff00000006","element-6066-11e4-a52e-4f735466cecf":"00000000-0000-075e-ffff-ffff00000006"}}
[debug] &amp#27;[38;5;32m[AndroidUiautomator2Driver@a7d5 (d2c9b10b)]&amp#27;[0m Responding to client with driver.findElement() result: {"element-6066-11e4-a52e-4f735466cecf":"00000000-0000-075e-ffff-ffff00000006","ELEMENT":"00000000-0000-075e-ffff-ffff00000006"}
&amp#27;[38;5;0m[HTTP]&amp#27;[0m &amp#27;[37m<-- POST /session/d2c9b10b-c037-4b64-8bdf-6ffcf3513fc6/element &amp#27;[39m&amp#27;[32m200&amp#27;[39m &amp#27;[90m241 ms - 137&amp#27;[39m
&amp#27;[38;5;0m[HTTP]&amp#27;[0m &amp#27;[90m&amp#27;[39m
&amp#27;[38;5;0m[HTTP]&amp#27;[0m &amp#27;[37m-->&amp#27;[39m &amp#27;[37mPOST&amp#27;[39m &amp#27;[37m/session/d2c9b10b-c037-4b64-8bdf-6ffcf3513fc6/element/00000000-0000-075e-ffff-ffff00000006/value&amp#27;[39m
&amp#27;[38;5;0m[HTTP]&amp#27;[0m &amp#27;[90m{"id":"00000000-0000-075e-ffff-ffff00000006","text":"Nikhesh Reddy","value":["N","i","k","h","e","s","h"," ","R","e","d","d","y"]}&amp#27;[39m
[debug] &amp#27;[38;5;32m[AndroidUiautomator2Driver@a7d5 (d2c9b10b)]&amp#27;[0m Calling AppiumDriver.setValue() with args: [["N","i","k","h","e","s","h"," ","R","e","d","d","y"],"00000000-0000-075e-ffff-ffff00000006","d2c9b10b-c037-4b64-8bdf-6ffcf3513fc6"]
[debug] &amp#27;[38;5;32m[AndroidUiautomator2Driver@a7d5 (d2c9b10b)]&amp#27;[0m Matched '/element/00000000-0000-075e-ffff-ffff00000006/value' to command name 'setValue'
[debug] &amp#27;[38;5;32m[AndroidUiautomator2Driver@a7d5 (d2c9b10b)]&amp#27;[0m Added 'value' property ["N","i","k","h","e","s","h"," ","R","e","d","d","y"] to 'setValue' request body
[debug] &amp#27;[38;5;32m[AndroidUiautomator2Driver@a7d5 (d2c9b10b)]&amp#27;[0m Proxying [POST /element/00000000-0000-075e-ffff-ffff00000006/value] to [POST http://127.0.0.1:8200/session/e61cf805-309a-4eec-b589-0eea9f694bc2/element/00000000-0000-075e-ffff-ffff00000006/value] with body: {"elementId":"00000000-0000-075e-ffff-ffff00000006","text":"Nikhesh Reddy","replace":false,"value":["N","i","k","h","e","s","h"," ","R","e","d","d","y"]}
[debug] &amp#27;[38;5;32m[AndroidUiautomator2Driver@a7d5 (d2c9b10b)]&amp#27;[0m Got response with status 200: {"sessionId":"e61cf805-309a-4eec-b589-0eea9f694bc2","value":null}
[debug] &amp#27;[38;5;32m[AndroidUiautomator2Driver@a7d5 (d2c9b10b)]&amp#27;[0m Responding to client with driver.setValue() result: null
&amp#27;[38;5;0m[HTTP]&amp#27;[0m &amp#27;[37m<-- POST /session/d2c9b10b-c037-4b64-8bdf-6ffcf3513fc6/element/00000000-0000-075e-ffff-ffff00000006/value &amp#27;[39m&amp#27;[32m200&amp#27;[39m &amp#27;[90m729 ms - 14&amp#27;[39m
&amp#27;[38;5;0m[HTTP]&amp#27;[0m &amp#27;[90m&amp#27;[39m
&amp#27;[38;5;0m[HTTP]&amp#27;[0m &amp#27;[37m-->&amp#27;[39m &amp#27;[37mPOST&amp#27;[39m &amp#27;[37m/session/d2c9b10b-c037-4b64-8bdf-6ffcf3513fc6/appium/device/hide_keyboard&amp#27;[39m
&amp#27;[38;5;0m[HTTP]&amp#27;[0m &amp#27;[90m{}&amp#27;[39m
[debug] &amp#27;[38;5;32m[AndroidUiautomator2Driver@a7d5 (d2c9b10b)]&amp#27;[0m Calling AppiumDriver.hideKeyboard() with args: [null,null,null,null,"d2c9b10b-c037-4b64-8bdf-6ffcf3513fc6"]
[debug] &amp#27;[38;5;48m[ADB]&amp#27;[0m Running 'C:\Users\User\AppData\Local\Android\Sdk\platform-tools\adb.exe -P 5037 -s 52036015fe09146b shell dumpsys input_method'
&amp#27;[38;5;48m[ADB]&amp#27;[0m Keyboard has no UI; no closing necessary
[debug] &amp#27;[38;5;32m[AndroidUiautomator2Driver@a7d5 (d2c9b10b)]&amp#27;[0m Responding to client with driver.hideKeyboard() result: false
&amp#27;[38;5;0m[HTTP]&amp#27;[0m &amp#27;[37m<-- POST /session/d2c9b10b-c037-4b64-8bdf-6ffcf3513fc6/appium/device/hide_keyboard &amp#27;[39m&amp#27;[32m200&amp#27;[39m &amp#27;[90m188 ms - 15&amp#27;[39m
&amp#27;[38;5;0m[HTTP]&amp#27;[0m &amp#27;[90m&amp#27;[39m
&amp#27;[38;5;0m[HTTP]&amp#27;[0m &amp#27;[37m-->&amp#27;[39m &amp#27;[37mGET&amp#27;[39m &amp#27;[37m/session/d2c9b10b-c037-4b64-8bdf-6ffcf3513fc6/context&amp#27;[39m
&amp#27;[38;5;0m[HTTP]&amp#27;[0m &amp#27;[90m{}&amp#27;[39m
[debug] &amp#27;[38;5;32m[AndroidUiautomator2Driver@a7d5 (d2c9b10b)]&amp#27;[0m Calling AppiumDriver.getCurrentContext() with args: ["d2c9b10b-c037-4b64-8bdf-6ffcf3513fc6"]
[debug] &amp#27;[38;5;32m[AndroidUiautomator2Driver@a7d5 (d2c9b10b)]&amp#27;[0m Responding to client with driver.getCurrentContext() result: "NATIVE_APP"
&amp#27;[38;5;0m[HTTP]&amp#27;[0m &amp#27;[37m<-- GET /session/d2c9b10b-c037-4b64-8bdf-6ffcf3513fc6/context &amp#27;[39m&amp#27;[32m200&amp#27;[39m &amp#27;[90m2 ms - 22&amp#27;[39m
&amp#27;[38;5;0m[HTTP]&amp#27;[0m &amp#27;[90m&amp#27;[39m
&amp#27;[38;5;0m[HTTP]&amp#27;[0m &amp#27;[37m-->&amp#27;[39m &amp#27;[37mPOST&amp#27;[39m &amp#27;[37m/session/d2c9b10b-c037-4b64-8bdf-6ffcf3513fc6/element&amp#27;[39m
&amp#27;[38;5;0m[HTTP]&amp#27;[0m &amp#27;[90m{"using":"xpath","value":"//android.widget.RadioButton[@resource-id='com.androidsample.generalstore:id/radioMale']"}&amp#27;[39m
[debug] &amp#27;[38;5;32m[AndroidUiautomator2Driver@a7d5 (d2c9b10b)]&amp#27;[0m Calling AppiumDriver.findElement() with args: ["xpath","//android.widget.RadioButton[@resource-id='com.androidsample.generalstore:id/radioMale']","d2c9b10b-c037-4b64-8bdf-6ffcf3513fc6"]
[debug] &amp#27;[38;5;32m[AndroidUiautomator2Driver@a7d5 (d2c9b10b)]&amp#27;[0m Valid locator strategies for this request: xpath, id, class name, accessibility id, css selector, -android uiautomator
[debug] &amp#27;[38;5;32m[AndroidUiautomator2Driver@a7d5 (d2c9b10b)]&amp#27;[0m Waiting up to 20000 ms for condition
[debug] &amp#27;[38;5;32m[AndroidUiautomator2Driver@a7d5 (d2c9b10b)]&amp#27;[0m Matched '/element' to command name 'findElement'
[debug] &amp#27;[38;5;32m[AndroidUiautomator2Driver@a7d5 (d2c9b10b)]&amp#27;[0m Proxying [POST /element] to [POST http://127.0.0.1:8200/session/e61cf805-309a-4eec-b589-0eea9f694bc2/element] with body: {"strategy":"xpath","selector":"//android.widget.RadioButton[@resource-id='com.androidsample.generalstore:id/radioMale']","context":"","multiple":false}
[debug] &amp#27;[38;5;32m[AndroidUiautomator2Driver@a7d5 (d2c9b10b)]&amp#27;[0m Got response with status 200: {"sessionId":"e61cf805-309a-4eec-b589-0eea9f694bc2","value":{"ELEMENT":"00000000-0000-075e-ffff-ffff0000001e","element-6066-11e4-a52e-4f735466cecf":"00000000-0000-075e-ffff-ffff0000001e"}}
[debug] &amp#27;[38;5;32m[AndroidUiautomator2Driver@a7d5 (d2c9b10b)]&amp#27;[0m Responding to client with driver.findElement() result: {"element-6066-11e4-a52e-4f735466cecf":"00000000-0000-075e-ffff-ffff0000001e","ELEMENT":"00000000-0000-075e-ffff-ffff0000001e"}
&amp#27;[38;5;0m[HTTP]&amp#27;[0m &amp#27;[37m<-- POST /session/d2c9b10b-c037-4b64-8bdf-6ffcf3513fc6/element &amp#27;[39m&amp#27;[32m200&amp#27;[39m &amp#27;[90m499 ms - 137&amp#27;[39m
&amp#27;[38;5;0m[HTTP]&amp#27;[0m &amp#27;[90m&amp#27;[39m
&amp#27;[38;5;0m[HTTP]&amp#27;[0m &amp#27;[37m-->&amp#27;[39m &amp#27;[37mPOST&amp#27;[39m &amp#27;[37m/session/d2c9b10b-c037-4b64-8bdf-6ffcf3513fc6/element/00000000-0000-075e-ffff-ffff0000001e/click&amp#27;[39m
&amp#27;[38;5;0m[HTTP]&amp#27;[0m &amp#27;[90m{"id":"00000000-0000-075e-ffff-ffff0000001e"}&amp#27;[39m
[debug] &amp#27;[38;5;32m[AndroidUiautomator2Driver@a7d5 (d2c9b10b)]&amp#27;[0m Calling AppiumDriver.click() with args: ["00000000-0000-075e-ffff-ffff0000001e","d2c9b10b-c037-4b64-8bdf-6ffcf3513fc6"]
[debug] &amp#27;[38;5;32m[AndroidUiautomator2Driver@a7d5 (d2c9b10b)]&amp#27;[0m Matched '/element/00000000-0000-075e-ffff-ffff0000001e/click' to command name 'click'
[debug] &amp#27;[38;5;32m[AndroidUiautomator2Driver@a7d5 (d2c9b10b)]&amp#27;[0m Proxying [POST /element/00000000-0000-075e-ffff-ffff0000001e/click] to [POST http://127.0.0.1:8200/session/e61cf805-309a-4eec-b589-0eea9f694bc2/element/00000000-0000-075e-ffff-ffff0000001e/click] with body: {"element":"00000000-0000-075e-ffff-ffff0000001e"}
[debug] &amp#27;[38;5;32m[AndroidUiautomator2Driver@a7d5 (d2c9b10b)]&amp#27;[0m Got response with status 200: {"sessionId":"e61cf805-309a-4eec-b589-0eea9f694bc2","value":null}
[debug] &amp#27;[38;5;32m[AndroidUiautomator2Driver@a7d5 (d2c9b10b)]&amp#27;[0m Responding to client with driver.click() result: null
&amp#27;[38;5;0m[HTTP]&amp#27;[0m &amp#27;[37m<-- POST /session/d2c9b10b-c037-4b64-8bdf-6ffcf3513fc6/element/00000000-0000-075e-ffff-ffff0000001e/click &amp#27;[39m&amp#27;[32m200&amp#27;[39m &amp#27;[90m88 ms - 14&amp#27;[39m
&amp#27;[38;5;0m[HTTP]&amp#27;[0m &amp#27;[90m&amp#27;[39m
&amp#27;[38;5;0m[HTTP]&amp#27;[0m &amp#27;[37m-->&amp#27;[39m &amp#27;[37mGET&amp#27;[39m &amp#27;[37m/session/d2c9b10b-c037-4b64-8bdf-6ffcf3513fc6/context&amp#27;[39m
&amp#27;[38;5;0m[HTTP]&amp#27;[0m &amp#27;[90m{}&amp#27;[39m
[debug] &amp#27;[38;5;32m[AndroidUiautomator2Driver@a7d5 (d2c9b10b)]&amp#27;[0m Calling AppiumDriver.getCurrentContext() with args: ["d2c9b10b-c037-4b64-8bdf-6ffcf3513fc6"]
[debug] &amp#27;[38;5;32m[AndroidUiautomator2Driver@a7d5 (d2c9b10b)]&amp#27;[0m Responding to client with driver.getCurrentContext() result: "NATIVE_APP"
&amp#27;[38;5;0m[HTTP]&amp#27;[0m &amp#27;[37m<-- GET /session/d2c9b10b-c037-4b64-8bdf-6ffcf3513fc6/context &amp#27;[39m&amp#27;[32m200&amp#27;[39m &amp#27;[90m5 ms - 22&amp#27;[39m
&amp#27;[38;5;0m[HTTP]&amp#27;[0m &amp#27;[90m&amp#27;[39m
&amp#27;[38;5;0m[HTTP]&amp#27;[0m &amp#27;[37m-->&amp#27;[39m &amp#27;[37mPOST&amp#27;[39m &amp#27;[37m/session/d2c9b10b-c037-4b64-8bdf-6ffcf3513fc6/element&amp#27;[39m
&amp#27;[38;5;0m[HTTP]&amp#27;[0m &amp#27;[90m{"using":"xpath","value":"//android.widget.Button[@resource-id='com.androidsample.generalstore:id/btnLetsShop']"}&amp#27;[39m
[debug] &amp#27;[38;5;32m[AndroidUiautomator2Driver@a7d5 (d2c9b10b)]&amp#27;[0m Calling AppiumDriver.findElement() with args: ["xpath","//android.widget.Button[@resource-id='com.androidsample.generalstore:id/btnLetsShop']","d2c9b10b-c037-4b64-8bdf-6ffcf3513fc6"]
[debug] &amp#27;[38;5;32m[AndroidUiautomator2Driver@a7d5 (d2c9b10b)]&amp#27;[0m Valid locator strategies for this request: xpath, id, class name, accessibility id, css selector, -android uiautomator
[debug] &amp#27;[38;5;32m[AndroidUiautomator2Driver@a7d5 (d2c9b10b)]&amp#27;[0m Waiting up to 20000 ms for condition
[debug] &amp#27;[38;5;32m[AndroidUiautomator2Driver@a7d5 (d2c9b10b)]&amp#27;[0m Matched '/element' to command name 'findElement'
[debug] &amp#27;[38;5;32m[AndroidUiautomator2Driver@a7d5 (d2c9b10b)]&amp#27;[0m Proxying [POST /element] to [POST http://127.0.0.1:8200/session/e61cf805-309a-4eec-b589-0eea9f694bc2/element] with body: {"strategy":"xpath","selector":"//android.widget.Button[@resource-id='com.androidsample.generalstore:id/btnLetsShop']","context":"","multiple":false}
[debug] &amp#27;[38;5;32m[AndroidUiautomator2Driver@a7d5 (d2c9b10b)]&amp#27;[0m Got response with status 200: {"sessionId":"e61cf805-309a-4eec-b589-0eea9f694bc2","value":{"ELEMENT":"00000000-0000-075e-ffff-ffff0000001c","element-6066-11e4-a52e-4f735466cecf":"00000000-0000-075e-ffff-ffff0000001c"}}
[debug] &amp#27;[38;5;32m[AndroidUiautomator2Driver@a7d5 (d2c9b10b)]&amp#27;[0m Responding to client with driver.findElement() result: {"element-6066-11e4-a52e-4f735466cecf":"00000000-0000-075e-ffff-ffff0000001c","ELEMENT":"00000000-0000-075e-ffff-ffff0000001c"}
&amp#27;[38;5;0m[HTTP]&amp#27;[0m &amp#27;[37m<-- POST /session/d2c9b10b-c037-4b64-8bdf-6ffcf3513fc6/element &amp#27;[39m&amp#27;[32m200&amp#27;[39m &amp#27;[90m675 ms - 137&amp#27;[39m
&amp#27;[38;5;0m[HTTP]&amp#27;[0m &amp#27;[90m&amp#27;[39m
&amp#27;[38;5;0m[HTTP]&amp#27;[0m &amp#27;[37m-->&amp#27;[39m &amp#27;[37mPOST&amp#27;[39m &amp#27;[37m/session/d2c9b10b-c037-4b64-8bdf-6ffcf3513fc6/element/00000000-0000-075e-ffff-ffff0000001c/click&amp#27;[39m
&amp#27;[38;5;0m[HTTP]&amp#27;[0m &amp#27;[90m{"id":"00000000-0000-075e-ffff-ffff0000001c"}&amp#27;[39m
[debug] &amp#27;[38;5;32m[AndroidUiautomator2Driver@a7d5 (d2c9b10b)]&amp#27;[0m Calling AppiumDriver.click() with args: ["00000000-0000-075e-ffff-ffff0000001c","d2c9b10b-c037-4b64-8bdf-6ffcf3513fc6"]
[debug] &amp#27;[38;5;32m[AndroidUiautomator2Driver@a7d5 (d2c9b10b)]&amp#27;[0m Matched '/element/00000000-0000-075e-ffff-ffff0000001c/click' to command name 'click'
[debug] &amp#27;[38;5;32m[AndroidUiautomator2Driver@a7d5 (d2c9b10b)]&amp#27;[0m Proxying [POST /element/00000000-0000-075e-ffff-ffff0000001c/click] to [POST http://127.0.0.1:8200/session/e61cf805-309a-4eec-b589-0eea9f694bc2/element/00000000-0000-075e-ffff-ffff0000001c/click] with body: {"element":"00000000-0000-075e-ffff-ffff0000001c"}
[debug] &amp#27;[38;5;32m[AndroidUiautomator2Driver@a7d5 (d2c9b10b)]&amp#27;[0m Got response with status 200: {"sessionId":"e61cf805-309a-4eec-b589-0eea9f694bc2","value":null}
[debug] &amp#27;[38;5;32m[AndroidUiautomator2Driver@a7d5 (d2c9b10b)]&amp#27;[0m Responding to client with driver.click() result: null
&amp#27;[38;5;0m[HTTP]&amp#27;[0m &amp#27;[37m<-- POST /session/d2c9b10b-c037-4b64-8bdf-6ffcf3513fc6/element/00000000-0000-075e-ffff-ffff0000001c/click &amp#27;[39m&amp#27;[32m200&amp#27;[39m &amp#27;[90m47 ms - 14&amp#27;[39m
&amp#27;[38;5;0m[HTTP]&amp#27;[0m &amp#27;[90m&amp#27;[39m
]]></system-out>
  </testcase>
</testsuite>